2015-07-16 18:12:12 	 ____________BOOT____________

2015-07-16 18:20:36 	 SUCCESS=> Packet: 2015-07-16 18:19:40

2015-07-16 18:22:00 	 SUCCESS=> Packet: 2015-07-16 18:21:22

2015-07-16 18:37:19 	 SUCCESS=> Packet: 2015-07-16 18:36:41

2015-07-16 18:55:06 	 SUCCESS=> Packet: 2015-07-16 18:54:19

2015-07-16 18:17:30 	 ____________BOOT____________

2015-07-16 19:11:28 	 SUCCESS=> Packet: 2015-07-16 18:17:30

2015-07-16 19:26:25 	 FAILED=> Packet: 2015-07-16 19:25:21

2015-07-16 19:27:23 	 SUCCESS=> Packet: 2015-07-16 19:25:21

2015-07-16 19:44:57 	 SUCCESS=> Packet: 2015-07-16 19:44:02

2015-07-16 20:00:16 	 SUCCESS=> Packet: 2015-07-16 19:59:27

2015-07-16 21:00:09 	 SUCCESS=> Packet: 2015-07-16 20:59:39

2015-07-16 21:40:32 	 SUCCESS=> Packet: 2015-07-16 21:39:36

2015-07-16 21:51:36 	 SUCCESS=> Packet: 2015-07-16 21:50:54

2015-07-16 22:00:27 	 SUCCESS=> Packet: 2015-07-16 21:59:37

2015-07-16 22:11:39 	 SUCCESS=> Packet: 2015-07-16 22:10:42

2015-07-16 22:22:19 	 SUCCESS=> Packet: 2015-07-16 22:21:20

2015-07-16 22:40:07 	 SUCCESS=> Packet: 2015-07-16 22:39:38

2015-07-16 22:50:17 	 FAILED=> Packet: 2015-07-16 22:49:14

2015-07-16 22:51:09 	 SUCCESS=> Packet: 2015-07-16 22:49:14

2015-07-16 22:51:20 	 SUCCESS=> Packet: 2015-07-16 22:50:23

2015-07-16 23:18:17 	 SUCCESS=> Packet: 2015-07-16 23:17:41

2015-07-16 23:33:43 	 FAILED=> Packet: 2015-07-16 23:32:22

2015-07-16 23:34:40 	 SUCCESS=> Packet: 2015-07-16 23:32:22

2015-07-16 23:50:32 	 SUCCESS=> Packet: 2015-07-16 23:49:35

2015-07-17 00:00:28 	 ____________BOOT____________

2015-07-17 00:50:32 	 SUCCESS=> Packet: 2015-07-17 00:49:38

2015-07-17 02:20:07 	 SUCCESS=> Packet: 2015-07-17 02:19:36

2015-07-17 04:00:08 	 SUCCESS=> Packet: 2015-07-17 03:59:37

2015-07-17 04:40:27 	 SUCCESS=> Packet: 2015-07-17 04:39:37

2015-07-17 05:20:31 	 SUCCESS=> Packet: 2015-07-17 05:19:37

2015-07-17 07:48:52 	 SUCCESS=> Packet: 2015-07-17 07:48:07

2015-07-17 07:54:57 	 SUCCESS=> Packet: 2015-07-17 07:54:18

2015-07-17 08:00:07 	 SUCCESS=> Packet: 2015-07-17 07:59:39

2015-07-17 08:23:17 	 SUCCESS=> Packet: 2015-07-17 08:22:25

2015-07-17 08:25:57 	 SUCCESS=> Packet: 2015-07-17 08:25:17

2015-07-17 10:20:37 	 FAILED=> Packet: 2015-07-17 10:19:37

2015-07-17 10:21:33 	 SUCCESS=> Packet: 2015-07-17 10:19:37

2015-07-17 10:39:18 	 FAILED=> Packet: 2015-07-17 10:38:21

2015-07-17 10:40:00 	 FAILED=> Packet: 2015-07-17 10:38:21

2015-07-17 10:40:14 	 SUCCESS=> Packet: 2015-07-17 10:38:21

2015-07-17 11:40:06 	 SUCCESS=> Packet: 2015-07-17 11:39:38

2015-07-17 12:40:16 	 SUCCESS=> Packet: 2015-07-17 12:39:35

2015-07-17 13:57:54 	 FAILED=> Packet: 2015-07-17 13:56:51

2015-07-17 13:58:54 	 FAILED=> Packet: 2015-07-17 13:56:51

2015-07-17 13:59:39 	 SUCCESS=> Packet: 2015-07-17 13:56:51

2015-07-17 14:32:39 	 FAILED=> Packet: 2015-07-17 14:31:18

2015-07-17 14:33:35 	 SUCCESS=> Packet: 2015-07-17 14:31:18

2015-07-17 15:32:45 	 SUCCESS=> Packet: 2015-07-17 15:31:29

2015-07-17 15:40:35 	 SUCCESS=> Packet: 2015-07-17 15:39:38

2015-07-17 16:08:14 	 FAILED=> Packet: 2015-07-17 16:07:17

2015-07-17 16:08:53 	 SUCCESS=> Packet: 2015-07-17 16:07:17

2015-07-17 16:40:31 	 SUCCESS=> Packet: 2015-07-17 16:39:35

2015-07-17 17:00:32 	 SUCCESS=> Packet: 2015-07-17 16:59:35

2015-07-17 17:20:13 	 SUCCESS=> Packet: 2015-07-17 17:19:38

2015-07-17 17:41:21 	 SUCCESS=> Packet: 2015-07-17 17:40:42

2015-07-17 18:04:21 	 OTHER=> Packet: 2015-07-17 18:03:47

2015-07-17 18:04:33 	 OTHER=> Packet: 2015-07-17 18:03:47

2015-07-17 18:05:25 	 SUCCESS=> Packet: 2015-07-17 18:03:47

2015-07-17 18:17:56 	 SUCCESS=> Packet: 2015-07-17 18:17:16

2015-07-17 18:57:13 	 SUCCESS=> Packet: 2015-07-17 18:56:18

2015-07-17 19:05:48 	 FAILED=> Packet: 2015-07-17 19:04:51

2015-07-17 19:06:28 	 SUCCESS=> Packet: 2015-07-17 19:04:51

2015-07-17 19:31:50 	 SUCCESS=> Packet: 2015-07-17 19:30:55

2015-07-17 19:35:31 	 FAILED=> Packet: 2015-07-17 19:34:08

2015-07-17 19:36:29 	 SUCCESS=> Packet: 2015-07-17 19:34:08

2015-07-17 19:52:54 	 FAILED=> Packet: 2015-07-17 19:51:58

2015-07-17 19:53:55 	 SUCCESS=> Packet: 2015-07-17 19:51:58

2015-07-17 19:54:37 	 SUCCESS=> Packet: 2015-07-17 19:53:00

2015-07-17 19:57:59 	 FAILED=> Packet: 2015-07-17 19:56:59

2015-07-17 19:59:05 	 FAILED=> Packet: 2015-07-17 19:56:59

2015-07-17 19:59:51 	 FAILED=> Packet: 2015-07-17 19:56:59

2015-07-17 20:00:24 	 SUCCESS=> Packet: 2015-07-17 19:56:59

2015-07-17 20:00:59 	 SUCCESS=> Packet: 2015-07-17 19:58:05

2015-07-17 20:01:07 	 SUCCESS=> Packet: 2015-07-17 19:59:11

2015-07-17 20:18:44 	 FAILED=> Packet: 2015-07-17 20:17:49

2015-07-17 20:19:39 	 SUCCESS=> Packet: 2015-07-17 20:17:49

2015-07-17 21:00:05 	 OTHER=> Packet: 2015-07-17 20:59:08

2015-07-17 21:00:57 	 SUCCESS=> Packet: 2015-07-17 20:59:08

2015-07-17 21:43:38 	 FAILED=> Packet: 2015-07-17 21:42:41

2015-07-17 21:44:17 	 SUCCESS=> Packet: 2015-07-17 21:42:41

2015-07-17 21:48:29 	 FAILED=> Packet: 2015-07-17 21:47:29

2015-07-17 21:49:35 	 FAILED=> Packet: 2015-07-17 21:47:29

2015-07-17 21:50:32 	 SUCCESS=> Packet: 2015-07-17 21:47:29

2015-07-17 21:51:05 	 SUCCESS=> Packet: 2015-07-17 21:48:34

2015-07-17 22:01:41 	 SUCCESS=> Packet: 2015-07-17 22:00:45

2015-07-17 22:27:51 	 FAILED=> Packet: 2015-07-17 22:26:54

2015-07-17 22:28:52 	 SUCCESS=> Packet: 2015-07-17 22:26:54

2015-07-17 22:30:32 	 SUCCESS=> Packet: 2015-07-17 22:29:39

2015-07-17 23:12:41 	 SUCCESS=> Packet: 2015-07-17 23:11:25

2015-07-18 00:00:29 	 ____________BOOT____________

2015-07-18 01:21:12 	 SUCCESS=> Packet: 2015-07-18 01:20:15

2015-07-18 03:30:32 	 SUCCESS=> Packet: 2015-07-18 03:29:36

2015-07-18 03:40:32 	 SUCCESS=> Packet: 2015-07-18 03:39:36

2015-07-18 03:56:11 	 FAILED=> Packet: 2015-07-18 03:54:50

2015-07-18 03:57:08 	 SUCCESS=> Packet: 2015-07-18 03:54:50

2015-07-18 04:13:53 	 SUCCESS=> Packet: 2015-07-18 04:12:57

2015-07-18 04:14:28 	 SUCCESS=> Packet: 2015-07-18 04:13:53

2015-07-18 05:20:31 	 SUCCESS=> Packet: 2015-07-18 05:19:36

2015-07-18 05:30:10 	 SUCCESS=> Packet: 2015-07-18 05:29:38

2015-07-18 06:50:32 	 SUCCESS=> Packet: 2015-07-18 06:49:37

2015-07-18 07:00:32 	 SUCCESS=> Packet: 2015-07-18 06:59:39

2015-07-18 08:07:09 	 SUCCESS=> Packet: 2015-07-18 08:06:14

2015-07-18 09:31:37 	 SUCCESS=> Packet: 2015-07-18 09:30:42

2015-07-18 09:43:03 	 SUCCESS=> Packet: 2015-07-18 09:42:21

2015-07-18 09:48:55 	 SUCCESS=> Packet: 2015-07-18 09:47:59

2015-07-18 10:40:33 	 SUCCESS=> Packet: 2015-07-18 10:39:38

2015-07-18 10:50:27 	 SUCCESS=> Packet: 2015-07-18 10:49:37

2015-07-18 11:00:10 	 SUCCESS=> Packet: 2015-07-18 10:59:36

2015-07-18 12:54:31 	 SUCCESS=> Packet: 2015-07-18 12:53:51

2015-07-18 14:40:32 	 SUCCESS=> Packet: 2015-07-18 14:39:36

2015-07-18 14:46:37 	 SUCCESS=> Packet: 2015-07-18 14:45:55

2015-07-18 15:00:10 	 SUCCESS=> Packet: 2015-07-18 14:59:38

2015-07-18 15:26:13 	 SUCCESS=> Packet: 2015-07-18 15:25:17

2015-07-18 16:00:09 	 SUCCESS=> Packet: 2015-07-18 15:59:38

2015-07-18 16:35:55 	 SUCCESS=> Packet: 2015-07-18 16:35:21

2015-07-18 17:01:20 	 SUCCESS=> Packet: 2015-07-18 17:00:43

2015-07-18 17:08:17 	 SUCCESS=> Packet: 2015-07-18 17:07:41

2015-07-18 17:16:06 	 SUCCESS=> Packet: 2015-07-18 17:15:30

2015-07-18 17:54:09 	 OTHER=> Packet: 2015-07-18 17:53:36

2015-07-18 17:54:21 	 OTHER=> Packet: 2015-07-18 17:53:36

2015-07-18 17:55:13 	 SUCCESS=> Packet: 2015-07-18 17:53:36

2015-07-18 18:10:31 	 SUCCESS=> Packet: 2015-07-18 18:09:36

2015-07-18 19:40:32 	 SUCCESS=> Packet: 2015-07-18 19:39:37

2015-07-18 19:45:41 	 SUCCESS=> Packet: 2015-07-18 19:45:03

2015-07-18 20:01:58 	 SUCCESS=> Packet: 2015-07-18 20:01:03

2015-07-18 21:40:08 	 SUCCESS=> Packet: 2015-07-18 21:39:34

2015-07-18 22:50:32 	 SUCCESS=> Packet: 2015-07-18 22:49:37

2015-07-18 23:00:33 	 SUCCESS=> Packet: 2015-07-18 22:59:40

2015-07-18 23:10:32 	 SUCCESS=> Packet: 2015-07-18 23:09:36

2015-07-18 23:20:31 	 SUCCESS=> Packet: 2015-07-18 23:19:38

2015-07-19 00:00:29 	 ____________BOOT____________

2015-07-19 03:40:32 	 SUCCESS=> Packet: 2015-07-19 03:39:38

2015-07-19 04:50:31 	 SUCCESS=> Packet: 2015-07-19 04:49:38

2015-07-19 05:00:31 	 SUCCESS=> Packet: 2015-07-19 04:59:36

2015-07-19 05:19:34 	 FAILED=> Packet: 2015-07-19 05:18:34

2015-07-19 05:20:32 	 SUCCESS=> Packet: 2015-07-19 05:18:34

2015-07-19 05:21:24 	 SUCCESS=> Packet: 2015-07-19 05:19:40

2015-07-19 09:00:06 	 SUCCESS=> Packet: 2015-07-19 08:59:39

2015-07-19 09:30:32 	 SUCCESS=> Packet: 2015-07-19 09:29:39

2015-07-19 11:00:32 	 SUCCESS=> Packet: 2015-07-19 10:59:36

2015-07-19 11:10:14 	 SUCCESS=> Packet: 2015-07-19 11:09:37

2015-07-19 11:32:58 	 SUCCESS=> Packet: 2015-07-19 11:32:21

2015-07-19 14:15:58 	 SUCCESS=> Packet: 2015-07-19 14:15:02

2015-07-19 15:20:31 	 SUCCESS=> Packet: 2015-07-19 15:19:38

2015-07-19 15:30:32 	 SUCCESS=> Packet: 2015-07-19 15:29:37

2015-07-19 16:24:07 	 SUCCESS=> Packet: 2015-07-19 16:23:20

2015-07-19 16:29:06 	 FAILED=> Packet: 2015-07-19 16:27:59

2015-07-19 16:30:15 	 FAILED=> Packet: 2015-07-19 16:27:59

2015-07-19 16:31:13 	 SUCCESS=> Packet: 2015-07-19 16:27:59

2015-07-19 16:36:37 	 SUCCESS=> Packet: 2015-07-19 16:35:42

2015-07-19 16:49:34 	 SUCCESS=> Packet: 2015-07-19 16:48:57

2015-07-19 19:30:36 	 SUCCESS=> Packet: 2015-07-19 19:29:40

2015-07-19 19:36:45 	 SUCCESS=> Packet: 2015-07-19 19:35:49

2015-07-19 22:10:28 	 SUCCESS=> Packet: 2015-07-19 22:09:38

2015-07-19 22:20:32 	 SUCCESS=> Packet: 2015-07-19 22:19:37

2015-07-19 23:10:06 	 SUCCESS=> Packet: 2015-07-19 23:09:37

2015-07-20 00:00:29 	 ____________BOOT____________

2015-07-20 01:20:32 	 SUCCESS=> Packet: 2015-07-20 01:19:37

2015-07-20 01:30:27 	 SUCCESS=> Packet: 2015-07-20 01:29:37

2015-07-20 02:20:31 	 SUCCESS=> Packet: 2015-07-20 02:19:35

2015-07-20 02:30:32 	 SUCCESS=> Packet: 2015-07-20 02:29:36

2015-07-20 02:40:07 	 SUCCESS=> Packet: 2015-07-20 02:39:37

2015-07-20 04:20:30 	 SUCCESS=> Packet: 2015-07-20 04:19:30

2015-07-20 05:40:07 	 SUCCESS=> Packet: 2015-07-20 05:39:34

2015-07-20 05:55:30 	 FAILED=> Packet: 2015-07-20 05:54:46

2015-07-20 05:56:07 	 FAILED=> Packet: 2015-07-20 05:54:46

2015-07-20 05:57:03 	 SUCCESS=> Packet: 2015-07-20 05:54:46

2015-07-20 07:38:33 	 SUCCESS=> Packet: 2015-07-20 07:37:16

2015-07-20 07:56:36 	 SUCCESS=> Packet: 2015-07-20 07:55:37

2015-07-20 09:51:09 	 FAILED=> Packet: 2015-07-20 09:50:30

2015-07-20 09:51:26 	 FAILED=> Packet: 2015-07-20 09:50:30

2015-07-20 09:52:11 	 FAILED=> Packet: 2015-07-20 09:50:30

2015-07-20 09:52:29 	 FAILED=> Packet: 2015-07-20 09:50:30

2015-07-20 09:53:13 	 FAILED=> Packet: 2015-07-20 09:50:30

2015-07-20 09:53:31 	 FAILED=> Packet: 2015-07-20 09:50:30

2015-07-20 09:54:16 	 FAILED=> Packet: 2015-07-20 09:50:30

2015-07-20 09:54:40 	 FAILED=> Packet: 2015-07-20 09:50:30

2015-07-20 09:55:24 	 FAILED=> Packet: 2015-07-20 09:50:30

2015-07-20 09:55:42 	 FAILED=> Packet: 2015-07-20 09:50:30

2015-07-20 09:56:28 	 FAILED=> Packet: 2015-07-20 09:50:30

2015-07-20 09:56:45 	 FAILED=> Packet: 2015-07-20 09:50:30

2015-07-20 09:57:31 	 FAILED=> Packet: 2015-07-20 09:50:30

2015-07-20 09:57:49 	 FAILED=> Packet: 2015-07-20 09:50:30

2015-07-20 09:58:35 	 FAILED=> Packet: 2015-07-20 09:50:30

2015-07-20 09:58:53 	 FAILED=> Packet: 2015-07-20 09:50:30

2015-07-20 09:59:40 	 FAILED=> Packet: 2015-07-20 09:50:30

2015-07-20 09:59:57 	 FAILED=> Packet: 2015-07-20 09:50:30

2015-07-20 10:00:43 	 FAILED=> Packet: 2015-07-20 09:50:30

2015-07-20 10:01:01 	 FAILED=> Packet: 2015-07-20 09:50:30

2015-07-20 10:01:47 	 FAILED=> Packet: 2015-07-20 09:50:30

2015-07-20 10:02:06 	 FAILED=> Packet: 2015-07-20 09:50:30

2015-07-20 10:02:50 	 FAILED=> Packet: 2015-07-20 09:50:30

2015-07-20 10:03:08 	 FAILED=> Packet: 2015-07-20 09:50:30

2015-07-20 10:03:52 	 FAILED=> Packet: 2015-07-20 09:50:30

2015-07-20 10:04:10 	 FAILED=> Packet: 2015-07-20 09:50:30

2015-07-20 10:04:56 	 FAILED=> Packet: 2015-07-20 09:50:30

2015-07-20 10:05:14 	 FAILED=> Packet: 2015-07-20 09:50:30

2015-07-20 10:06:01 	 FAILED=> Packet: 2015-07-20 09:50:30

2015-07-20 10:06:19 	 FAILED=> Packet: 2015-07-20 09:50:30

2015-07-20 10:07:03 	 FAILED=> Packet: 2015-07-20 09:50:30

2015-07-20 10:07:22 	 FAILED=> Packet: 2015-07-20 09:50:30

2015-07-20 10:08:07 	 FAILED=> Packet: 2015-07-20 09:50:30

2015-07-20 10:08:25 	 FAILED=> Packet: 2015-07-20 09:50:30

2015-07-20 10:09:11 	 FAILED=> Packet: 2015-07-20 09:50:30

2015-07-20 10:09:30 	 FAILED=> Packet: 2015-07-20 09:50:30

2015-07-20 10:10:16 	 FAILED=> Packet: 2015-07-20 09:50:30

2015-07-20 10:10:34 	 FAILED=> Packet: 2015-07-20 09:50:30

2015-07-20 10:11:20 	 FAILED=> Packet: 2015-07-20 09:50:30

2015-07-20 10:11:38 	 FAILED=> Packet: 2015-07-20 09:50:30

2015-07-20 10:12:24 	 FAILED=> Packet: 2015-07-20 09:50:30

2015-07-20 10:12:42 	 FAILED=> Packet: 2015-07-20 09:50:30

2015-07-20 10:13:28 	 FAILED=> Packet: 2015-07-20 09:50:30

2015-07-20 10:13:46 	 FAILED=> Packet: 2015-07-20 09:50:30

2015-07-20 10:14:32 	 FAILED=> Packet: 2015-07-20 09:50:30

2015-07-20 10:14:50 	 FAILED=> Packet: 2015-07-20 09:50:30

2015-07-20 10:15:37 	 FAILED=> Packet: 2015-07-20 09:50:30

2015-07-20 10:16:02 	 FAILED=> Packet: 2015-07-20 09:50:30

2015-07-20 10:16:46 	 FAILED=> Packet: 2015-07-20 09:50:30

2015-07-20 10:17:04 	 FAILED=> Packet: 2015-07-20 09:50:30

2015-07-20 10:17:50 	 FAILED=> Packet: 2015-07-20 09:50:30

2015-07-20 10:18:08 	 FAILED=> Packet: 2015-07-20 09:50:30

2015-07-20 10:18:54 	 FAILED=> Packet: 2015-07-20 09:50:30

2015-07-20 10:19:12 	 FAILED=> Packet: 2015-07-20 09:50:30

2015-07-20 10:19:59 	 FAILED=> Packet: 2015-07-20 09:50:30

2015-07-20 10:20:17 	 FAILED=> Packet: 2015-07-20 09:50:30

2015-07-20 10:21:02 	 FAILED=> Packet: 2015-07-20 09:50:30

2015-07-20 10:21:40 	 FAILED=> Packet: 2015-07-20 09:50:30

2015-07-20 10:22:26 	 FAILED=> Packet: 2015-07-20 09:50:30

2015-07-20 10:22:45 	 FAILED=> Packet: 2015-07-20 09:50:30

2015-07-20 10:23:30 	 FAILED=> Packet: 2015-07-20 09:50:30

2015-07-20 10:23:48 	 FAILED=> Packet: 2015-07-20 09:50:30

2015-07-20 10:24:34 	 FAILED=> Packet: 2015-07-20 09:50:30

2015-07-20 10:24:52 	 FAILED=> Packet: 2015-07-20 09:50:30

2015-07-20 10:25:39 	 FAILED=> Packet: 2015-07-20 09:50:30

2015-07-20 10:25:57 	 FAILED=> Packet: 2015-07-20 09:50:30

2015-07-20 10:26:43 	 FAILED=> Packet: 2015-07-20 09:50:30

2015-07-20 10:27:01 	 FAILED=> Packet: 2015-07-20 09:50:30

2015-07-20 10:27:47 	 FAILED=> Packet: 2015-07-20 09:50:30

2015-07-20 10:28:07 	 FAILED=> Packet: 2015-07-20 09:50:30

2015-07-20 10:28:54 	 FAILED=> Packet: 2015-07-20 09:50:30

2015-07-20 10:29:12 	 FAILED=> Packet: 2015-07-20 09:50:30

2015-07-20 10:29:58 	 FAILED=> Packet: 2015-07-20 09:50:30

2015-07-20 10:30:16 	 FAILED=> Packet: 2015-07-20 09:50:30

2015-07-20 10:31:02 	 FAILED=> Packet: 2015-07-20 09:50:30

2015-07-20 10:31:20 	 FAILED=> Packet: 2015-07-20 09:50:30

2015-07-20 10:32:05 	 FAILED=> Packet: 2015-07-20 09:50:30

2015-07-20 10:32:23 	 FAILED=> Packet: 2015-07-20 09:50:30

2015-07-20 10:33:08 	 FAILED=> Packet: 2015-07-20 09:50:30

2015-07-20 10:33:26 	 FAILED=> Packet: 2015-07-20 09:50:30

2015-07-20 10:34:13 	 FAILED=> Packet: 2015-07-20 09:50:30

2015-07-20 10:34:31 	 FAILED=> Packet: 2015-07-20 09:50:30

2015-07-20 10:35:17 	 FAILED=> Packet: 2015-07-20 09:50:30

2015-07-20 10:35:36 	 FAILED=> Packet: 2015-07-20 09:50:30

2015-07-20 10:36:22 	 FAILED=> Packet: 2015-07-20 09:50:30

2015-07-20 10:36:40 	 FAILED=> Packet: 2015-07-20 09:50:30

2015-07-20 10:37:24 	 FAILED=> Packet: 2015-07-20 09:50:30

2015-07-20 10:37:42 	 FAILED=> Packet: 2015-07-20 09:50:30

2015-07-20 10:38:28 	 FAILED=> Packet: 2015-07-20 09:50:30

2015-07-20 10:38:47 	 FAILED=> Packet: 2015-07-20 09:50:30

2015-07-20 10:39:31 	 FAILED=> Packet: 2015-07-20 09:50:30

2015-07-20 10:39:50 	 FAILED=> Packet: 2015-07-20 09:50:30

2015-07-20 10:40:36 	 FAILED=> Packet: 2015-07-20 09:50:30

2015-07-20 10:41:14 	 FAILED=> Packet: 2015-07-20 09:50:30

2015-07-20 10:42:00 	 FAILED=> Packet: 2015-07-20 09:50:30

2015-07-20 10:42:18 	 FAILED=> Packet: 2015-07-20 09:50:30

2015-07-20 10:43:03 	 FAILED=> Packet: 2015-07-20 09:50:30

2015-07-20 10:43:21 	 FAILED=> Packet: 2015-07-20 09:50:30

2015-07-20 10:44:06 	 FAILED=> Packet: 2015-07-20 09:50:30

2015-07-20 10:44:24 	 FAILED=> Packet: 2015-07-20 09:50:30

2015-07-20 10:45:09 	 FAILED=> Packet: 2015-07-20 09:50:30

2015-07-20 10:45:27 	 FAILED=> Packet: 2015-07-20 09:50:30

2015-07-20 10:46:14 	 FAILED=> Packet: 2015-07-20 09:50:30

2015-07-20 10:46:32 	 FAILED=> Packet: 2015-07-20 09:50:30

2015-07-20 10:47:21 	 FAILED=> Packet: 2015-07-20 09:50:30

2015-07-20 10:47:40 	 FAILED=> Packet: 2015-07-20 09:50:30

2015-07-20 10:48:24 	 FAILED=> Packet: 2015-07-20 09:50:30

2015-07-20 10:48:43 	 FAILED=> Packet: 2015-07-20 09:50:30

2015-07-20 10:49:29 	 FAILED=> Packet: 2015-07-20 09:50:30

2015-07-20 10:49:49 	 FAILED=> Packet: 2015-07-20 09:50:30

2015-07-20 10:50:36 	 FAILED=> Packet: 2015-07-20 09:50:30

2015-07-20 10:50:53 	 FAILED=> Packet: 2015-07-20 09:50:30

2015-07-20 10:51:42 	 FAILED=> Packet: 2015-07-20 09:50:30

2015-07-20 10:52:01 	 FAILED=> Packet: 2015-07-20 09:50:30

2015-07-20 10:52:47 	 FAILED=> Packet: 2015-07-20 09:50:30

2015-07-20 10:53:06 	 FAILED=> Packet: 2015-07-20 09:50:30

2015-07-20 10:53:52 	 FAILED=> Packet: 2015-07-20 09:50:30

2015-07-20 10:54:10 	 FAILED=> Packet: 2015-07-20 09:50:30

2015-07-20 10:54:56 	 FAILED=> Packet: 2015-07-20 09:50:30

2015-07-20 10:55:14 	 FAILED=> Packet: 2015-07-20 09:50:30

2015-07-20 10:56:01 	 FAILED=> Packet: 2015-07-20 09:50:30

2015-07-20 10:56:19 	 FAILED=> Packet: 2015-07-20 09:50:30

2015-07-20 10:57:05 	 FAILED=> Packet: 2015-07-20 09:50:30

2015-07-20 10:57:23 	 FAILED=> Packet: 2015-07-20 09:50:30

2015-07-20 10:58:09 	 FAILED=> Packet: 2015-07-20 09:50:30

2015-07-20 10:58:27 	 FAILED=> Packet: 2015-07-20 09:50:30

2015-07-20 10:59:13 	 FAILED=> Packet: 2015-07-20 09:50:30

2015-07-20 10:59:31 	 FAILED=> Packet: 2015-07-20 09:50:30

2015-07-20 11:00:17 	 FAILED=> Packet: 2015-07-20 09:50:30

2015-07-20 11:00:36 	 FAILED=> Packet: 2015-07-20 09:50:30

2015-07-20 11:01:23 	 FAILED=> Packet: 2015-07-20 09:50:30

2015-07-20 11:01:41 	 FAILED=> Packet: 2015-07-20 09:50:30

2015-07-20 11:02:26 	 FAILED=> Packet: 2015-07-20 09:50:30

2015-07-20 11:02:44 	 FAILED=> Packet: 2015-07-20 09:50:30

2015-07-20 11:03:30 	 FAILED=> Packet: 2015-07-20 09:50:30

2015-07-20 11:03:48 	 FAILED=> Packet: 2015-07-20 09:50:30

2015-07-20 11:04:36 	 FAILED=> Packet: 2015-07-20 09:50:30

2015-07-20 11:04:54 	 FAILED=> Packet: 2015-07-20 09:50:30

2015-07-20 11:05:40 	 FAILED=> Packet: 2015-07-20 09:50:30

2015-07-20 11:05:58 	 FAILED=> Packet: 2015-07-20 09:50:30

2015-07-20 11:06:43 	 FAILED=> Packet: 2015-07-20 09:50:30

2015-07-20 11:07:01 	 FAILED=> Packet: 2015-07-20 09:50:30

2015-07-20 11:07:47 	 FAILED=> Packet: 2015-07-20 09:50:30

2015-07-20 11:08:05 	 FAILED=> Packet: 2015-07-20 09:50:30

2015-07-20 11:08:50 	 FAILED=> Packet: 2015-07-20 09:50:30

2015-07-20 11:09:08 	 FAILED=> Packet: 2015-07-20 09:50:30

2015-07-20 11:09:54 	 FAILED=> Packet: 2015-07-20 09:50:30

2015-07-20 11:10:13 	 FAILED=> Packet: 2015-07-20 09:50:30

2015-07-20 11:11:04 	 FAILED=> Packet: 2015-07-20 09:50:30

2015-07-20 11:11:22 	 FAILED=> Packet: 2015-07-20 09:50:30

2015-07-20 11:12:09 	 FAILED=> Packet: 2015-07-20 09:50:30

2015-07-20 11:12:27 	 FAILED=> Packet: 2015-07-20 09:50:30

2015-07-20 11:13:13 	 FAILED=> Packet: 2015-07-20 09:50:30

2015-07-20 11:13:31 	 FAILED=> Packet: 2015-07-20 09:50:30

2015-07-20 11:14:17 	 FAILED=> Packet: 2015-07-20 09:50:30

2015-07-20 11:14:37 	 FAILED=> Packet: 2015-07-20 09:50:30

2015-07-20 11:15:27 	 FAILED=> Packet: 2015-07-20 09:50:30

2015-07-20 11:16:14 	 FAILED=> Packet: 2015-07-20 09:50:30

2015-07-20 11:16:32 	 FAILED=> Packet: 2015-07-20 09:50:30

2015-07-20 11:17:17 	 FAILED=> Packet: 2015-07-20 09:50:30

2015-07-20 11:17:41 	 FAILED=> Packet: 2015-07-20 09:50:30

2015-07-20 11:18:34 	 FAILED=> Packet: 2015-07-20 09:50:30

2015-07-20 11:18:52 	 FAILED=> Packet: 2015-07-20 09:50:30

2015-07-20 11:19:43 	 FAILED=> Packet: 2015-07-20 09:50:30

2015-07-20 11:20:05 	 FAILED=> Packet: 2015-07-20 09:50:30

2015-07-20 11:20:52 	 FAILED=> Packet: 2015-07-20 09:50:30

2015-07-20 11:22:04 	 FAILED=> Packet: 2015-07-20 09:50:30

2015-07-20 11:22:57 	 FAILED=> Packet: 2015-07-20 09:50:30

2015-07-20 11:23:43 	 FAILED=> Packet: 2015-07-20 09:50:30

2015-07-20 11:24:01 	 FAILED=> Packet: 2015-07-20 09:50:30

2015-07-20 11:24:50 	 FAILED=> Packet: 2015-07-20 09:50:30

2015-07-20 11:25:10 	 FAILED=> Packet: 2015-07-20 09:50:30

2015-07-20 11:25:57 	 FAILED=> Packet: 2015-07-20 09:50:30

2015-07-20 11:26:43 	 FAILED=> Packet: 2015-07-20 09:50:30

2015-07-20 11:27:07 	 FAILED=> Packet: 2015-07-20 09:50:30

2015-07-20 11:27:52 	 FAILED=> Packet: 2015-07-20 09:50:30

2015-07-20 11:28:11 	 FAILED=> Packet: 2015-07-20 09:50:30

2015-07-20 11:28:58 	 FAILED=> Packet: 2015-07-20 09:50:30

2015-07-20 11:29:16 	 FAILED=> Packet: 2015-07-20 09:50:30

2015-07-20 11:30:05 	 FAILED=> Packet: 2015-07-20 09:50:30

2015-07-20 11:30:24 	 FAILED=> Packet: 2015-07-20 09:50:30

2015-07-20 11:31:09 	 FAILED=> Packet: 2015-07-20 09:50:30

2015-07-20 11:31:28 	 FAILED=> Packet: 2015-07-20 09:50:30

2015-07-20 11:32:15 	 FAILED=> Packet: 2015-07-20 09:50:30

2015-07-20 11:32:34 	 FAILED=> Packet: 2015-07-20 09:50:30

2015-07-20 11:33:23 	 FAILED=> Packet: 2015-07-20 09:50:30

2015-07-20 11:34:09 	 FAILED=> Packet: 2015-07-20 09:50:30

2015-07-20 11:34:28 	 FAILED=> Packet: 2015-07-20 09:50:30

2015-07-20 11:35:14 	 FAILED=> Packet: 2015-07-20 09:50:30

2015-07-20 11:35:40 	 FAILED=> Packet: 2015-07-20 09:50:30

2015-07-20 11:36:25 	 FAILED=> Packet: 2015-07-20 09:50:30

2015-07-20 11:36:43 	 FAILED=> Packet: 2015-07-20 09:50:30

2015-07-20 11:37:28 	 FAILED=> Packet: 2015-07-20 09:50:30

2015-07-20 11:37:47 	 FAILED=> Packet: 2015-07-20 09:50:30

2015-07-20 11:38:34 	 FAILED=> Packet: 2015-07-20 09:50:30

2015-07-20 11:38:52 	 FAILED=> Packet: 2015-07-20 09:50:30

2015-07-20 11:39:37 	 FAILED=> Packet: 2015-07-20 09:50:30

2015-07-20 11:39:56 	 FAILED=> Packet: 2015-07-20 09:50:30

2015-07-20 11:40:44 	 FAILED=> Packet: 2015-07-20 09:50:30

2015-07-20 11:41:31 	 FAILED=> Packet: 2015-07-20 09:50:30

2015-07-20 11:41:49 	 FAILED=> Packet: 2015-07-20 09:50:30

2015-07-20 11:42:36 	 FAILED=> Packet: 2015-07-20 09:50:30

2015-07-20 11:42:55 	 FAILED=> Packet: 2015-07-20 09:50:30

2015-07-20 11:43:41 	 FAILED=> Packet: 2015-07-20 09:50:30

2015-07-20 11:44:00 	 FAILED=> Packet: 2015-07-20 09:50:30

2015-07-20 11:44:47 	 FAILED=> Packet: 2015-07-20 09:50:30

2015-07-20 11:45:07 	 FAILED=> Packet: 2015-07-20 09:50:30

2015-07-20 11:45:53 	 FAILED=> Packet: 2015-07-20 09:50:30

2015-07-20 11:46:11 	 FAILED=> Packet: 2015-07-20 09:50:30

2015-07-20 11:46:58 	 FAILED=> Packet: 2015-07-20 09:50:30

2015-07-20 11:47:16 	 FAILED=> Packet: 2015-07-20 09:50:30

2015-07-20 11:48:03 	 FAILED=> Packet: 2015-07-20 09:50:30

2015-07-20 11:48:21 	 FAILED=> Packet: 2015-07-20 09:50:30

2015-07-20 11:49:09 	 FAILED=> Packet: 2015-07-20 09:50:30

2015-07-20 11:49:30 	 FAILED=> Packet: 2015-07-20 09:50:30

2015-07-20 11:50:16 	 FAILED=> Packet: 2015-07-20 09:50:30

2015-07-20 11:50:35 	 FAILED=> Packet: 2015-07-20 09:50:30

2015-07-20 11:51:20 	 FAILED=> Packet: 2015-07-20 09:50:30

2015-07-20 11:51:38 	 FAILED=> Packet: 2015-07-20 09:50:30

2015-07-20 11:52:24 	 FAILED=> Packet: 2015-07-20 09:50:30

2015-07-20 11:52:42 	 FAILED=> Packet: 2015-07-20 09:50:30

2015-07-20 11:53:27 	 FAILED=> Packet: 2015-07-20 09:50:30

2015-07-20 11:53:46 	 FAILED=> Packet: 2015-07-20 09:50:30

2015-07-20 11:54:31 	 FAILED=> Packet: 2015-07-20 09:50:30

2015-07-20 11:54:50 	 FAILED=> Packet: 2015-07-20 09:50:30

2015-07-20 11:55:34 	 FAILED=> Packet: 2015-07-20 09:50:30

2015-07-20 11:55:53 	 FAILED=> Packet: 2015-07-20 09:50:30

2015-07-20 11:56:40 	 FAILED=> Packet: 2015-07-20 09:50:30

2015-07-20 11:56:59 	 FAILED=> Packet: 2015-07-20 09:50:30

2015-07-20 11:57:47 	 FAILED=> Packet: 2015-07-20 09:50:30

2015-07-20 11:58:05 	 FAILED=> Packet: 2015-07-20 09:50:30

2015-07-20 11:58:51 	 FAILED=> Packet: 2015-07-20 09:50:30

2015-07-20 11:59:09 	 FAILED=> Packet: 2015-07-20 09:50:30

2015-07-20 11:59:56 	 FAILED=> Packet: 2015-07-20 09:50:30

2015-07-20 12:00:14 	 FAILED=> Packet: 2015-07-20 09:50:30

2015-07-20 12:01:01 	 FAILED=> Packet: 2015-07-20 09:50:30

2015-07-20 12:01:19 	 FAILED=> Packet: 2015-07-20 09:50:30

2015-07-20 12:02:06 	 FAILED=> Packet: 2015-07-20 09:50:30

2015-07-20 12:02:25 	 FAILED=> Packet: 2015-07-20 09:50:30

2015-07-20 12:03:11 	 FAILED=> Packet: 2015-07-20 09:50:30

2015-07-20 12:03:30 	 FAILED=> Packet: 2015-07-20 09:50:30

2015-07-20 12:04:15 	 FAILED=> Packet: 2015-07-20 09:50:30

2015-07-20 12:04:34 	 FAILED=> Packet: 2015-07-20 09:50:30

2015-07-20 12:05:20 	 FAILED=> Packet: 2015-07-20 09:50:30

2015-07-20 12:05:39 	 FAILED=> Packet: 2015-07-20 09:50:30

2015-07-20 12:06:26 	 FAILED=> Packet: 2015-07-20 09:50:30

2015-07-20 12:06:44 	 FAILED=> Packet: 2015-07-20 09:50:30

2015-07-20 12:07:29 	 FAILED=> Packet: 2015-07-20 09:50:30

2015-07-20 12:07:48 	 FAILED=> Packet: 2015-07-20 09:50:30

2015-07-20 12:08:35 	 FAILED=> Packet: 2015-07-20 09:50:30

2015-07-20 12:08:53 	 FAILED=> Packet: 2015-07-20 09:50:30

2015-07-20 12:09:40 	 FAILED=> Packet: 2015-07-20 09:50:30

2015-07-20 12:09:59 	 FAILED=> Packet: 2015-07-20 09:50:30

2015-07-20 12:10:53 	 FAILED=> Packet: 2015-07-20 09:50:30

2015-07-20 12:11:39 	 FAILED=> Packet: 2015-07-20 09:50:30

2015-07-20 12:11:58 	 FAILED=> Packet: 2015-07-20 09:50:30

2015-07-20 12:12:45 	 FAILED=> Packet: 2015-07-20 09:50:30

2015-07-20 12:13:04 	 FAILED=> Packet: 2015-07-20 09:50:30

2015-07-20 12:13:51 	 FAILED=> Packet: 2015-07-20 09:50:30

2015-07-20 12:14:10 	 FAILED=> Packet: 2015-07-20 09:50:30

2015-07-20 12:14:58 	 FAILED=> Packet: 2015-07-20 09:50:30

2015-07-20 12:15:16 	 FAILED=> Packet: 2015-07-20 09:50:30

2015-07-20 12:16:04 	 FAILED=> Packet: 2015-07-20 09:50:30

2015-07-20 12:16:52 	 FAILED=> Packet: 2015-07-20 09:50:30

2015-07-20 12:17:11 	 FAILED=> Packet: 2015-07-20 09:50:30

2015-07-20 12:17:58 	 FAILED=> Packet: 2015-07-20 09:50:30

2015-07-20 12:18:19 	 FAILED=> Packet: 2015-07-20 09:50:30

2015-07-20 12:19:04 	 FAILED=> Packet: 2015-07-20 09:50:30

2015-07-20 12:19:23 	 FAILED=> Packet: 2015-07-20 09:50:30

2015-07-20 12:20:20 	 FAILED=> Packet: 2015-07-20 09:50:30

2015-07-20 12:20:39 	 FAILED=> Packet: 2015-07-20 09:50:30

2015-07-20 12:21:25 	 FAILED=> Packet: 2015-07-20 09:50:30

2015-07-20 12:21:44 	 FAILED=> Packet: 2015-07-20 09:50:30

2015-07-20 12:22:30 	 FAILED=> Packet: 2015-07-20 09:50:30

2015-07-20 12:22:49 	 FAILED=> Packet: 2015-07-20 09:50:30

2015-07-20 12:23:37 	 FAILED=> Packet: 2015-07-20 09:50:30

2015-07-20 12:24:24 	 FAILED=> Packet: 2015-07-20 09:50:30

2015-07-20 12:25:10 	 FAILED=> Packet: 2015-07-20 09:50:30

2015-07-20 12:25:29 	 FAILED=> Packet: 2015-07-20 09:50:30

2015-07-20 12:26:15 	 FAILED=> Packet: 2015-07-20 09:50:30

2015-07-20 12:26:36 	 FAILED=> Packet: 2015-07-20 09:50:30

2015-07-20 12:27:21 	 FAILED=> Packet: 2015-07-20 09:50:30

2015-07-20 12:27:42 	 FAILED=> Packet: 2015-07-20 09:50:30

2015-07-20 12:28:31 	 FAILED=> Packet: 2015-07-20 09:50:30

2015-07-20 12:29:18 	 FAILED=> Packet: 2015-07-20 09:50:30

2015-07-20 12:29:36 	 FAILED=> Packet: 2015-07-20 09:50:30

2015-07-20 12:30:24 	 FAILED=> Packet: 2015-07-20 09:50:30

2015-07-20 12:30:43 	 FAILED=> Packet: 2015-07-20 09:50:30

2015-07-20 12:31:30 	 FAILED=> Packet: 2015-07-20 09:50:30

2015-07-20 12:31:49 	 FAILED=> Packet: 2015-07-20 09:50:30

2015-07-20 12:32:35 	 FAILED=> Packet: 2015-07-20 09:50:30

2015-07-20 12:32:53 	 FAILED=> Packet: 2015-07-20 09:50:30

2015-07-20 12:33:39 	 FAILED=> Packet: 2015-07-20 09:50:30

2015-07-20 12:33:58 	 FAILED=> Packet: 2015-07-20 09:50:30

2015-07-20 12:34:44 	 FAILED=> Packet: 2015-07-20 09:50:30

2015-07-20 12:35:05 	 FAILED=> Packet: 2015-07-20 09:50:30

2015-07-20 12:35:52 	 FAILED=> Packet: 2015-07-20 09:50:30

2015-07-20 12:36:39 	 FAILED=> Packet: 2015-07-20 09:50:30

2015-07-20 12:36:58 	 FAILED=> Packet: 2015-07-20 09:50:30

2015-07-20 12:37:45 	 FAILED=> Packet: 2015-07-20 09:50:30

2015-07-20 12:38:04 	 FAILED=> Packet: 2015-07-20 09:50:30

2015-07-20 12:38:51 	 FAILED=> Packet: 2015-07-20 09:50:30

2015-07-20 12:39:10 	 FAILED=> Packet: 2015-07-20 09:50:30

2015-07-20 12:39:57 	 FAILED=> Packet: 2015-07-20 09:50:30

2015-07-20 12:40:16 	 FAILED=> Packet: 2015-07-20 09:50:30

2015-07-20 12:41:03 	 FAILED=> Packet: 2015-07-20 09:50:30

2015-07-20 12:41:21 	 FAILED=> Packet: 2015-07-20 09:50:30

2015-07-20 12:42:08 	 FAILED=> Packet: 2015-07-20 09:50:30

2015-07-20 12:42:27 	 FAILED=> Packet: 2015-07-20 09:50:30

2015-07-20 12:43:13 	 FAILED=> Packet: 2015-07-20 09:50:30

2015-07-20 12:43:32 	 FAILED=> Packet: 2015-07-20 09:50:30

2015-07-20 12:44:18 	 FAILED=> Packet: 2015-07-20 09:50:30

2015-07-20 12:44:36 	 FAILED=> Packet: 2015-07-20 09:50:30

2015-07-20 12:45:23 	 FAILED=> Packet: 2015-07-20 09:50:30

2015-07-20 12:45:42 	 FAILED=> Packet: 2015-07-20 09:50:30

2015-07-20 12:46:30 	 FAILED=> Packet: 2015-07-20 09:50:30

2015-07-20 12:46:49 	 FAILED=> Packet: 2015-07-20 09:50:30

2015-07-20 12:47:36 	 FAILED=> Packet: 2015-07-20 09:50:30

2015-07-20 12:47:55 	 FAILED=> Packet: 2015-07-20 09:50:30

2015-07-20 12:48:42 	 FAILED=> Packet: 2015-07-20 09:50:30

2015-07-20 12:49:00 	 FAILED=> Packet: 2015-07-20 09:50:30

2015-07-20 12:49:50 	 FAILED=> Packet: 2015-07-20 09:50:30

2015-07-20 12:50:36 	 FAILED=> Packet: 2015-07-20 09:50:30

2015-07-20 12:50:55 	 FAILED=> Packet: 2015-07-20 09:50:30

2015-07-20 12:51:42 	 FAILED=> Packet: 2015-07-20 09:50:30

2015-07-20 12:52:01 	 FAILED=> Packet: 2015-07-20 09:50:30

2015-07-20 12:52:48 	 FAILED=> Packet: 2015-07-20 09:50:30

2015-07-20 12:53:07 	 FAILED=> Packet: 2015-07-20 09:50:30

2015-07-20 12:53:55 	 FAILED=> Packet: 2015-07-20 09:50:30

2015-07-20 12:54:13 	 FAILED=> Packet: 2015-07-20 09:50:30

2015-07-20 12:55:11 	 FAILED=> Packet: 2015-07-20 09:50:30

2015-07-20 12:55:58 	 FAILED=> Packet: 2015-07-20 09:50:30

2015-07-20 12:56:17 	 FAILED=> Packet: 2015-07-20 09:50:30

2015-07-20 12:57:04 	 FAILED=> Packet: 2015-07-20 09:50:30

2015-07-20 12:57:23 	 FAILED=> Packet: 2015-07-20 09:50:30

2015-07-20 12:58:10 	 FAILED=> Packet: 2015-07-20 09:50:30

2015-07-20 12:58:29 	 FAILED=> Packet: 2015-07-20 09:50:30

2015-07-20 12:59:16 	 FAILED=> Packet: 2015-07-20 09:50:30

2015-07-20 12:59:34 	 FAILED=> Packet: 2015-07-20 09:50:30

2015-07-20 13:00:33 	 FAILED=> Packet: 2015-07-20 09:50:30

2015-07-20 13:00:51 	 FAILED=> Packet: 2015-07-20 09:50:30

2015-07-20 13:01:39 	 FAILED=> Packet: 2015-07-20 09:50:30

2015-07-20 13:01:58 	 FAILED=> Packet: 2015-07-20 09:50:30

2015-07-20 13:02:45 	 FAILED=> Packet: 2015-07-20 09:50:30

2015-07-20 13:03:04 	 FAILED=> Packet: 2015-07-20 09:50:30

2015-07-20 13:03:52 	 FAILED=> Packet: 2015-07-20 09:50:30

2015-07-20 13:04:32 	 FAILED=> Packet: 2015-07-20 09:50:30

2015-07-20 13:05:19 	 FAILED=> Packet: 2015-07-20 09:50:30

2015-07-20 13:05:37 	 FAILED=> Packet: 2015-07-20 09:50:30

2015-07-20 13:06:25 	 FAILED=> Packet: 2015-07-20 09:50:30

2015-07-20 13:07:11 	 FAILED=> Packet: 2015-07-20 09:50:30

2015-07-20 13:07:31 	 FAILED=> Packet: 2015-07-20 09:50:30

2015-07-20 13:08:17 	 FAILED=> Packet: 2015-07-20 09:50:30

2015-07-20 13:08:36 	 FAILED=> Packet: 2015-07-20 09:50:30

2015-07-20 13:09:22 	 FAILED=> Packet: 2015-07-20 09:50:30

2015-07-20 13:09:40 	 FAILED=> Packet: 2015-07-20 09:50:30

2015-07-20 13:10:28 	 FAILED=> Packet: 2015-07-20 09:50:30

2015-07-20 13:10:47 	 FAILED=> Packet: 2015-07-20 09:50:30

2015-07-20 13:11:36 	 FAILED=> Packet: 2015-07-20 09:50:30

2015-07-20 13:12:22 	 FAILED=> Packet: 2015-07-20 09:50:30

2015-07-20 13:12:41 	 FAILED=> Packet: 2015-07-20 09:50:30

2015-07-20 13:13:27 	 FAILED=> Packet: 2015-07-20 09:50:30

2015-07-20 13:13:47 	 FAILED=> Packet: 2015-07-20 09:50:30

2015-07-20 13:14:34 	 FAILED=> Packet: 2015-07-20 09:50:30

2015-07-20 13:14:53 	 FAILED=> Packet: 2015-07-20 09:50:30

2015-07-20 13:15:39 	 FAILED=> Packet: 2015-07-20 09:50:30

2015-07-20 13:15:58 	 FAILED=> Packet: 2015-07-20 09:50:30

2015-07-20 13:16:45 	 FAILED=> Packet: 2015-07-20 09:50:30

2015-07-20 13:17:04 	 FAILED=> Packet: 2015-07-20 09:50:30

2015-07-20 13:17:50 	 FAILED=> Packet: 2015-07-20 09:50:30

2015-07-20 13:18:10 	 FAILED=> Packet: 2015-07-20 09:50:30

2015-07-20 13:18:58 	 FAILED=> Packet: 2015-07-20 09:50:30

2015-07-20 13:19:16 	 FAILED=> Packet: 2015-07-20 09:50:30

2015-07-20 13:20:04 	 FAILED=> Packet: 2015-07-20 09:50:30

2015-07-20 13:20:23 	 FAILED=> Packet: 2015-07-20 09:50:30

2015-07-20 13:21:09 	 FAILED=> Packet: 2015-07-20 09:50:30

2015-07-20 13:21:28 	 FAILED=> Packet: 2015-07-20 09:50:30

2015-07-20 13:22:16 	 FAILED=> Packet: 2015-07-20 09:50:30

2015-07-20 13:22:35 	 FAILED=> Packet: 2015-07-20 09:50:30

2015-07-20 13:23:21 	 FAILED=> Packet: 2015-07-20 09:50:30

2015-07-20 13:23:40 	 FAILED=> Packet: 2015-07-20 09:50:30

2015-07-20 13:24:29 	 FAILED=> Packet: 2015-07-20 09:50:30

2015-07-20 13:25:17 	 FAILED=> Packet: 2015-07-20 09:50:30

2015-07-20 13:25:36 	 FAILED=> Packet: 2015-07-20 09:50:30

2015-07-20 13:26:23 	 FAILED=> Packet: 2015-07-20 09:50:30

2015-07-20 13:26:42 	 FAILED=> Packet: 2015-07-20 09:50:30

2015-07-20 13:27:34 	 FAILED=> Packet: 2015-07-20 09:50:30

2015-07-20 13:28:32 	 FAILED=> Packet: 2015-07-20 09:50:30

2015-07-20 13:29:25 	 FAILED=> Packet: 2015-07-20 09:50:30

2015-07-20 13:29:44 	 FAILED=> Packet: 2015-07-20 09:50:30

2015-07-20 13:30:31 	 FAILED=> Packet: 2015-07-20 09:50:30

2015-07-20 13:30:50 	 FAILED=> Packet: 2015-07-20 09:50:30

2015-07-20 13:31:37 	 FAILED=> Packet: 2015-07-20 09:50:30

2015-07-20 13:31:57 	 FAILED=> Packet: 2015-07-20 09:50:30

2015-07-20 13:32:42 	 FAILED=> Packet: 2015-07-20 09:50:30

2015-07-20 13:33:01 	 FAILED=> Packet: 2015-07-20 09:50:30

2015-07-20 13:33:47 	 FAILED=> Packet: 2015-07-20 09:50:30

2015-07-20 13:34:06 	 FAILED=> Packet: 2015-07-20 09:50:30

2015-07-20 13:35:13 	 FAILED=> Packet: 2015-07-20 09:50:30

2015-07-20 13:36:00 	 FAILED=> Packet: 2015-07-20 09:50:30

2015-07-20 13:36:19 	 FAILED=> Packet: 2015-07-20 09:50:30

2015-07-20 13:37:05 	 FAILED=> Packet: 2015-07-20 09:50:30

2015-07-20 13:37:25 	 FAILED=> Packet: 2015-07-20 09:50:30

2015-07-20 13:38:12 	 FAILED=> Packet: 2015-07-20 09:50:30

2015-07-20 13:38:31 	 FAILED=> Packet: 2015-07-20 09:50:30

2015-07-20 13:39:18 	 FAILED=> Packet: 2015-07-20 09:50:30

2015-07-20 13:39:37 	 FAILED=> Packet: 2015-07-20 09:50:30

2015-07-20 13:40:24 	 FAILED=> Packet: 2015-07-20 09:50:30

2015-07-20 13:40:43 	 FAILED=> Packet: 2015-07-20 09:50:30

2015-07-20 13:41:30 	 FAILED=> Packet: 2015-07-20 09:50:30

2015-07-20 13:41:49 	 FAILED=> Packet: 2015-07-20 09:50:30

2015-07-20 13:42:36 	 FAILED=> Packet: 2015-07-20 09:50:30

2015-07-20 13:42:55 	 FAILED=> Packet: 2015-07-20 09:50:30

2015-07-20 13:43:41 	 FAILED=> Packet: 2015-07-20 09:50:30

2015-07-20 13:44:00 	 FAILED=> Packet: 2015-07-20 09:50:30

2015-07-20 13:44:47 	 FAILED=> Packet: 2015-07-20 09:50:30

2015-07-20 13:45:06 	 FAILED=> Packet: 2015-07-20 09:50:30

2015-07-20 13:45:54 	 FAILED=> Packet: 2015-07-20 09:50:30

2015-07-20 13:46:13 	 FAILED=> Packet: 2015-07-20 09:50:30

2015-07-20 13:47:00 	 FAILED=> Packet: 2015-07-20 09:50:30

2015-07-20 13:47:20 	 FAILED=> Packet: 2015-07-20 09:50:30

2015-07-20 13:48:07 	 FAILED=> Packet: 2015-07-20 09:50:30

2015-07-20 13:48:23 	 OTHER=> Packet: 2015-07-20 09:50:30

2015-07-20 13:49:05 	 FAILED=> Packet: 2015-07-20 09:50:30

2015-07-20 13:49:24 	 FAILED=> Packet: 2015-07-20 09:50:30

2015-07-20 13:50:11 	 FAILED=> Packet: 2015-07-20 09:50:30

2015-07-20 13:50:30 	 FAILED=> Packet: 2015-07-20 09:50:30

2015-07-20 13:51:16 	 FAILED=> Packet: 2015-07-20 09:50:30

2015-07-20 13:51:36 	 FAILED=> Packet: 2015-07-20 09:50:30

2015-07-20 13:52:25 	 FAILED=> Packet: 2015-07-20 09:50:30

2015-07-20 13:52:44 	 FAILED=> Packet: 2015-07-20 09:50:30

2015-07-20 13:53:32 	 FAILED=> Packet: 2015-07-20 09:50:30

2015-07-20 13:53:51 	 FAILED=> Packet: 2015-07-20 09:50:30

2015-07-20 13:54:37 	 FAILED=> Packet: 2015-07-20 09:50:30

2015-07-20 13:54:56 	 FAILED=> Packet: 2015-07-20 09:50:30

2015-07-20 13:55:43 	 FAILED=> Packet: 2015-07-20 09:50:30

2015-07-20 13:56:03 	 FAILED=> Packet: 2015-07-20 09:50:30

2015-07-20 13:56:51 	 FAILED=> Packet: 2015-07-20 09:50:30

2015-07-20 13:57:14 	 FAILED=> Packet: 2015-07-20 09:50:30

2015-07-20 13:58:01 	 FAILED=> Packet: 2015-07-20 09:50:30

2015-07-20 13:58:25 	 FAILED=> Packet: 2015-07-20 09:50:30

2015-07-20 13:59:13 	 FAILED=> Packet: 2015-07-20 09:50:30

2015-07-20 13:59:36 	 FAILED=> Packet: 2015-07-20 09:50:30

2015-07-20 14:00:40 	 FAILED=> Packet: 2015-07-20 09:50:30

2015-07-20 14:01:27 	 FAILED=> Packet: 2015-07-20 09:50:30

2015-07-20 14:01:46 	 FAILED=> Packet: 2015-07-20 09:50:30

2015-07-20 14:02:34 	 FAILED=> Packet: 2015-07-20 09:50:30

2015-07-20 14:02:53 	 FAILED=> Packet: 2015-07-20 09:50:30

2015-07-20 14:04:01 	 FAILED=> Packet: 2015-07-20 09:50:30

2015-07-20 14:04:49 	 FAILED=> Packet: 2015-07-20 09:50:30

2015-07-20 14:05:08 	 FAILED=> Packet: 2015-07-20 09:50:30

2015-07-20 14:05:55 	 FAILED=> Packet: 2015-07-20 09:50:30

2015-07-20 14:06:14 	 FAILED=> Packet: 2015-07-20 09:50:30

2015-07-20 14:07:02 	 FAILED=> Packet: 2015-07-20 09:50:30

2015-07-20 14:07:21 	 FAILED=> Packet: 2015-07-20 09:50:30

2015-07-20 14:08:09 	 FAILED=> Packet: 2015-07-20 09:50:30

2015-07-20 14:08:28 	 FAILED=> Packet: 2015-07-20 09:50:30

2015-07-20 14:09:15 	 FAILED=> Packet: 2015-07-20 09:50:30

2015-07-20 14:09:34 	 FAILED=> Packet: 2015-07-20 09:50:30

2015-07-20 14:10:22 	 FAILED=> Packet: 2015-07-20 09:50:30

2015-07-20 14:10:41 	 FAILED=> Packet: 2015-07-20 09:50:30

2015-07-20 14:11:29 	 FAILED=> Packet: 2015-07-20 09:50:30

2015-07-20 14:11:48 	 FAILED=> Packet: 2015-07-20 09:50:30

2015-07-20 14:12:36 	 FAILED=> Packet: 2015-07-20 09:50:30

2015-07-20 14:12:55 	 FAILED=> Packet: 2015-07-20 09:50:30

2015-07-20 14:13:42 	 FAILED=> Packet: 2015-07-20 09:50:30

2015-07-20 14:14:01 	 FAILED=> Packet: 2015-07-20 09:50:30

2015-07-20 14:14:49 	 FAILED=> Packet: 2015-07-20 09:50:30

2015-07-20 14:15:09 	 FAILED=> Packet: 2015-07-20 09:50:30

2015-07-20 14:15:56 	 FAILED=> Packet: 2015-07-20 09:50:30

2015-07-20 14:16:36 	 FAILED=> Packet: 2015-07-20 09:50:30

2015-07-20 14:17:24 	 FAILED=> Packet: 2015-07-20 09:50:30

2015-07-20 14:17:43 	 FAILED=> Packet: 2015-07-20 09:50:30

2015-07-20 14:18:29 	 FAILED=> Packet: 2015-07-20 09:50:30

2015-07-20 14:18:48 	 FAILED=> Packet: 2015-07-20 09:50:30

2015-07-20 14:19:36 	 FAILED=> Packet: 2015-07-20 09:50:30

2015-07-20 14:19:55 	 FAILED=> Packet: 2015-07-20 09:50:30

2015-07-20 14:20:43 	 FAILED=> Packet: 2015-07-20 09:50:30

2015-07-20 14:21:02 	 FAILED=> Packet: 2015-07-20 09:50:30

2015-07-20 14:21:49 	 FAILED=> Packet: 2015-07-20 09:50:30

2015-07-20 14:22:09 	 FAILED=> Packet: 2015-07-20 09:50:30

2015-07-20 14:22:56 	 FAILED=> Packet: 2015-07-20 09:50:30

2015-07-20 14:23:15 	 FAILED=> Packet: 2015-07-20 09:50:30

2015-07-20 14:24:02 	 FAILED=> Packet: 2015-07-20 09:50:30

2015-07-20 14:24:42 	 FAILED=> Packet: 2015-07-20 09:50:30

2015-07-20 14:25:31 	 FAILED=> Packet: 2015-07-20 09:50:30

2015-07-20 14:26:19 	 FAILED=> Packet: 2015-07-20 09:50:30

2015-07-20 14:26:38 	 FAILED=> Packet: 2015-07-20 09:50:30

2015-07-20 14:27:26 	 FAILED=> Packet: 2015-07-20 09:50:30

2015-07-20 14:27:45 	 FAILED=> Packet: 2015-07-20 09:50:30

2015-07-20 14:28:33 	 FAILED=> Packet: 2015-07-20 09:50:30

2015-07-20 14:28:52 	 FAILED=> Packet: 2015-07-20 09:50:30

2015-07-20 14:29:39 	 FAILED=> Packet: 2015-07-20 09:50:30

2015-07-20 14:29:59 	 FAILED=> Packet: 2015-07-20 09:50:30

2015-07-20 14:30:46 	 FAILED=> Packet: 2015-07-20 09:50:30

2015-07-20 14:31:05 	 FAILED=> Packet: 2015-07-20 09:50:30

2015-07-20 14:31:52 	 FAILED=> Packet: 2015-07-20 09:50:30

2015-07-20 14:32:12 	 FAILED=> Packet: 2015-07-20 09:50:30

2015-07-20 14:32:59 	 FAILED=> Packet: 2015-07-20 09:50:30

2015-07-20 14:33:18 	 FAILED=> Packet: 2015-07-20 09:50:30

2015-07-20 14:34:06 	 FAILED=> Packet: 2015-07-20 09:50:30

2015-07-20 14:34:25 	 FAILED=> Packet: 2015-07-20 09:50:30

2015-07-20 14:35:11 	 FAILED=> Packet: 2015-07-20 09:50:30

2015-07-20 14:35:31 	 FAILED=> Packet: 2015-07-20 09:50:30

2015-07-20 14:36:18 	 FAILED=> Packet: 2015-07-20 09:50:30

2015-07-20 14:36:37 	 FAILED=> Packet: 2015-07-20 09:50:30

2015-07-20 14:37:25 	 FAILED=> Packet: 2015-07-20 09:50:30

2015-07-20 14:37:44 	 FAILED=> Packet: 2015-07-20 09:50:30

2015-07-20 14:38:32 	 FAILED=> Packet: 2015-07-20 09:50:30

2015-07-20 14:38:51 	 FAILED=> Packet: 2015-07-20 09:50:30

2015-07-20 14:39:39 	 FAILED=> Packet: 2015-07-20 09:50:30

2015-07-20 14:39:58 	 FAILED=> Packet: 2015-07-20 09:50:30

2015-07-20 14:40:46 	 FAILED=> Packet: 2015-07-20 09:50:30

2015-07-20 14:41:05 	 FAILED=> Packet: 2015-07-20 09:50:30

2015-07-20 14:41:56 	 FAILED=> Packet: 2015-07-20 09:50:30

2015-07-20 14:42:16 	 FAILED=> Packet: 2015-07-20 09:50:30

2015-07-20 14:43:03 	 FAILED=> Packet: 2015-07-20 09:50:30

2015-07-20 14:43:22 	 FAILED=> Packet: 2015-07-20 09:50:30

2015-07-20 14:44:10 	 FAILED=> Packet: 2015-07-20 09:50:30

2015-07-20 14:44:29 	 FAILED=> Packet: 2015-07-20 09:50:30

2015-07-20 14:45:17 	 FAILED=> Packet: 2015-07-20 09:50:30

2015-07-20 14:45:36 	 FAILED=> Packet: 2015-07-20 09:50:30

2015-07-20 14:46:24 	 FAILED=> Packet: 2015-07-20 09:50:30

2015-07-20 14:46:46 	 FAILED=> Packet: 2015-07-20 09:50:30

2015-07-20 14:47:38 	 FAILED=> Packet: 2015-07-20 09:50:30

2015-07-20 14:48:25 	 FAILED=> Packet: 2015-07-20 09:50:30

2015-07-20 14:49:12 	 FAILED=> Packet: 2015-07-20 09:50:30

2015-07-20 14:49:34 	 FAILED=> Packet: 2015-07-20 09:50:30

2015-07-20 14:50:21 	 FAILED=> Packet: 2015-07-20 09:50:30

2015-07-20 14:50:42 	 FAILED=> Packet: 2015-07-20 09:50:30

2015-07-20 14:51:28 	 FAILED=> Packet: 2015-07-20 09:50:30

2015-07-20 14:51:47 	 FAILED=> Packet: 2015-07-20 09:50:30

2015-07-20 14:52:35 	 FAILED=> Packet: 2015-07-20 09:50:30

