2015-07-15 17:17:55 	 ____________BOOT____________

2015-07-15 17:17:55 	 PLC: CANNOT OPEN PORT

2015-07-15 17:18:49 	 SUCCESS=> Packet: 2015-07-15 17:17:55

2015-07-15 17:19:35 	 SUCCESS=> Packet: 2015-07-15 17:19:10

2015-07-15 17:20:21 	 SUCCESS=> Packet: 2015-07-15 17:19:56

2015-07-15 17:21:07 	 SUCCESS=> Packet: 2015-07-15 17:20:42

2015-07-15 17:21:51 	 SUCCESS=> Packet: 2015-07-15 17:21:28

2015-07-15 17:22:39 	 SUCCESS=> Packet: 2015-07-15 17:22:12

2015-07-15 17:23:27 	 SUCCESS=> Packet: 2015-07-15 17:23:01

2015-07-15 17:24:13 	 SUCCESS=> Packet: 2015-07-15 17:23:48

2015-07-15 17:24:58 	 SUCCESS=> Packet: 2015-07-15 17:24:34

2015-07-15 17:25:44 	 SUCCESS=> Packet: 2015-07-15 17:25:19

2015-07-15 17:26:30 	 SUCCESS=> Packet: 2015-07-15 17:26:05

2015-07-15 17:27:17 	 SUCCESS=> Packet: 2015-07-15 17:26:51

2015-07-15 17:28:03 	 SUCCESS=> Packet: 2015-07-15 17:27:38

2015-07-15 17:28:49 	 SUCCESS=> Packet: 2015-07-15 17:28:24

2015-07-15 17:29:37 	 SUCCESS=> Packet: 2015-07-15 17:29:10

2015-07-15 17:30:22 	 SUCCESS=> Packet: 2015-07-15 17:29:58

2015-07-15 17:31:10 	 SUCCESS=> Packet: 2015-07-15 17:30:43

2015-07-15 17:31:59 	 SUCCESS=> Packet: 2015-07-15 17:31:31

2015-07-15 17:32:45 	 SUCCESS=> Packet: 2015-07-15 17:32:20

2015-07-15 17:33:31 	 SUCCESS=> Packet: 2015-07-15 17:33:05

2015-07-15 17:34:17 	 SUCCESS=> Packet: 2015-07-15 17:33:52

2015-07-15 17:35:05 	 SUCCESS=> Packet: 2015-07-15 17:34:38

2015-07-15 17:35:48 	 SUCCESS=> Packet: 2015-07-15 17:35:26

2015-07-15 17:36:35 	 SUCCESS=> Packet: 2015-07-15 17:36:09

2015-07-15 17:37:32 	 SUCCESS=> Packet: 2015-07-15 17:36:56

2015-07-15 17:38:18 	 SUCCESS=> Packet: 2015-07-15 17:37:53

2015-07-15 17:39:06 	 SUCCESS=> Packet: 2015-07-15 17:38:39

2015-07-15 17:39:51 	 SUCCESS=> Packet: 2015-07-15 17:39:27

2015-07-15 17:40:37 	 SUCCESS=> Packet: 2015-07-15 17:40:12

2015-07-15 17:41:25 	 SUCCESS=> Packet: 2015-07-15 17:40:58

2015-07-15 17:42:11 	 SUCCESS=> Packet: 2015-07-15 17:41:46

2015-07-15 17:42:55 	 SUCCESS=> Packet: 2015-07-15 17:42:32

2015-07-15 17:43:41 	 SUCCESS=> Packet: 2015-07-15 17:43:16

2015-07-15 17:44:26 	 SUCCESS=> Packet: 2015-07-15 17:44:02

2015-07-15 17:45:17 	 SUCCESS=> Packet: 2015-07-15 17:44:46

2015-07-15 17:46:03 	 SUCCESS=> Packet: 2015-07-15 17:45:38

2015-07-15 17:46:47 	 SUCCESS=> Packet: 2015-07-15 17:46:24

2015-07-15 17:47:37 	 SUCCESS=> Packet: 2015-07-15 17:47:08

2015-07-15 17:48:21 	 SUCCESS=> Packet: 2015-07-15 17:47:58

2015-07-15 17:49:05 	 SUCCESS=> Packet: 2015-07-15 17:48:42

2015-07-15 17:49:52 	 SUCCESS=> Packet: 2015-07-15 17:49:26

2015-07-15 17:50:41 	 SUCCESS=> Packet: 2015-07-15 17:50:13

2015-07-15 17:51:28 	 SUCCESS=> Packet: 2015-07-15 17:51:02

2015-07-15 17:52:11 	 SUCCESS=> Packet: 2015-07-15 17:51:49

2015-07-15 17:52:55 	 SUCCESS=> Packet: 2015-07-15 17:52:32

2015-07-15 17:53:39 	 SUCCESS=> Packet: 2015-07-15 17:53:16

2015-07-15 17:54:26 	 SUCCESS=> Packet: 2015-07-15 17:54:00

2015-07-15 17:55:09 	 SUCCESS=> Packet: 2015-07-15 17:54:47

2015-07-15 17:55:55 	 SUCCESS=> Packet: 2015-07-15 17:55:30

2015-07-15 17:56:42 	 SUCCESS=> Packet: 2015-07-15 17:56:16

2015-07-15 17:57:28 	 SUCCESS=> Packet: 2015-07-15 17:57:03

2015-07-15 17:58:18 	 SUCCESS=> Packet: 2015-07-15 17:57:49

2015-07-15 17:59:22 	 FAILED=> Packet: 2015-07-15 17:58:39

2015-07-15 18:00:08 	 Returned "Other" status,packet: 2015-07-15 17:59:42

2015-07-15 18:00:59 	 SUCCESS=> Packet: 2015-07-15 18:00:28

2015-07-15 18:01:46 	 FAILED=> Packet: 2015-07-15 18:01:20

2015-07-15 18:02:38 	 SUCCESS=> Packet: 2015-07-15 18:02:15

2015-07-15 18:03:27 	 SUCCESS=> Packet: 2015-07-15 18:02:58

2015-07-15 18:04:17 	 SUCCESS=> Packet: 2015-07-15 18:03:48

2015-07-15 18:05:01 	 SUCCESS=> Packet: 2015-07-15 18:04:38

2015-07-15 18:05:47 	 SUCCESS=> Packet: 2015-07-15 18:05:22

2015-07-15 18:06:31 	 SUCCESS=> Packet: 2015-07-15 18:06:08

2015-07-15 18:07:17 	 SUCCESS=> Packet: 2015-07-15 18:06:52

2015-07-15 18:08:01 	 SUCCESS=> Packet: 2015-07-15 18:07:37

2015-07-15 18:08:48 	 SUCCESS=> Packet: 2015-07-15 18:08:22

2015-07-15 18:09:36 	 SUCCESS=> Packet: 2015-07-15 18:09:08

2015-07-15 18:10:23 	 SUCCESS=> Packet: 2015-07-15 18:09:57

2015-07-15 18:11:14 	 FAILED=> Packet: 2015-07-15 18:10:44

2015-07-15 18:12:11 	 FAILED=> Packet: 2015-07-15 18:11:43

2015-07-15 18:13:10 	 SUCCESS=> Packet: 2015-07-15 18:12:42

2015-07-15 18:13:57 	 SUCCESS=> Packet: 2015-07-15 18:13:31

2015-07-15 18:14:44 	 SUCCESS=> Packet: 2015-07-15 18:14:18

2015-07-15 18:15:32 	 SUCCESS=> Packet: 2015-07-15 18:15:05

2015-07-15 18:16:24 	 SUCCESS=> Packet: 2015-07-15 18:15:53

2015-07-15 18:17:26 	 SUCCESS=> Packet: 2015-07-15 18:16:45

2015-07-15 18:18:11 	 SUCCESS=> Packet: 2015-07-15 18:17:47

2015-07-15 18:18:57 	 SUCCESS=> Packet: 2015-07-15 18:18:32

2015-07-15 18:19:43 	 SUCCESS=> Packet: 2015-07-15 18:19:18

2015-07-15 18:20:29 	 SUCCESS=> Packet: 2015-07-15 18:20:04

2015-07-15 18:21:19 	 SUCCESS=> Packet: 2015-07-15 18:20:50

2015-07-15 18:22:12 	 SUCCESS=> Packet: 2015-07-15 18:21:40

2015-07-15 18:22:58 	 SUCCESS=> Packet: 2015-07-15 18:22:33

2015-07-15 18:23:43 	 SUCCESS=> Packet: 2015-07-15 18:23:19

2015-07-15 18:24:29 	 SUCCESS=> Packet: 2015-07-15 18:24:04

2015-07-15 18:25:13 	 SUCCESS=> Packet: 2015-07-15 18:24:50

2015-07-15 18:25:58 	 SUCCESS=> Packet: 2015-07-15 18:25:34

2015-07-15 18:26:45 	 SUCCESS=> Packet: 2015-07-15 18:26:19

2015-07-15 18:27:33 	 SUCCESS=> Packet: 2015-07-15 18:27:06

2015-07-15 18:28:19 	 SUCCESS=> Packet: 2015-07-15 18:27:54

2015-07-15 18:29:06 	 SUCCESS=> Packet: 2015-07-15 18:28:40

2015-07-15 18:29:52 	 SUCCESS=> Packet: 2015-07-15 18:29:26

2015-07-15 18:30:38 	 SUCCESS=> Packet: 2015-07-15 18:30:13

2015-07-15 18:31:23 	 SUCCESS=> Packet: 2015-07-15 18:30:59

2015-07-15 18:32:13 	 FAILED=> Packet: 2015-07-15 18:31:44

2015-07-15 18:33:07 	 SUCCESS=> Packet: 2015-07-15 18:32:42

2015-07-15 18:33:53 	 SUCCESS=> Packet: 2015-07-15 18:33:28

2015-07-15 18:34:40 	 SUCCESS=> Packet: 2015-07-15 18:34:14

2015-07-15 18:35:26 	 SUCCESS=> Packet: 2015-07-15 18:35:01

2015-07-15 18:36:14 	 SUCCESS=> Packet: 2015-07-15 18:35:47

2015-07-15 18:36:58 	 SUCCESS=> Packet: 2015-07-15 18:36:35

2015-07-15 18:37:41 	 SUCCESS=> Packet: 2015-07-15 18:37:19

2015-07-15 18:38:27 	 SUCCESS=> Packet: 2015-07-15 18:38:02

2015-07-15 18:39:11 	 SUCCESS=> Packet: 2015-07-15 18:38:48

2015-07-15 18:39:58 	 SUCCESS=> Packet: 2015-07-15 18:39:32

2015-07-15 18:40:44 	 SUCCESS=> Packet: 2015-07-15 18:40:19

2015-07-15 18:41:31 	 SUCCESS=> Packet: 2015-07-15 18:41:05

2015-07-15 18:42:17 	 SUCCESS=> Packet: 2015-07-15 18:41:52

2015-07-15 18:43:03 	 SUCCESS=> Packet: 2015-07-15 18:42:38

2015-07-15 18:43:48 	 SUCCESS=> Packet: 2015-07-15 18:43:23

2015-07-15 18:44:36 	 SUCCESS=> Packet: 2015-07-15 18:44:09

2015-07-15 18:45:21 	 SUCCESS=> Packet: 2015-07-15 18:44:57

2015-07-15 18:46:05 	 SUCCESS=> Packet: 2015-07-15 18:45:42

2015-07-15 18:46:54 	 SUCCESS=> Packet: 2015-07-15 18:46:26

2015-07-15 18:47:40 	 SUCCESS=> Packet: 2015-07-15 18:47:15

2015-07-15 18:48:27 	 SUCCESS=> Packet: 2015-07-15 18:48:01

2015-07-15 18:49:14 	 SUCCESS=> Packet: 2015-07-15 18:48:48

2015-07-15 18:50:01 	 SUCCESS=> Packet: 2015-07-15 18:49:35

2015-07-15 18:50:47 	 SUCCESS=> Packet: 2015-07-15 18:50:22

2015-07-15 18:51:31 	 SUCCESS=> Packet: 2015-07-15 18:51:08

2015-07-15 18:52:23 	 SUCCESS=> Packet: 2015-07-15 18:51:52

2015-07-15 18:53:08 	 SUCCESS=> Packet: 2015-07-15 18:52:44

2015-07-15 18:53:56 	 SUCCESS=> Packet: 2015-07-15 18:53:29

2015-07-15 18:54:42 	 SUCCESS=> Packet: 2015-07-15 18:54:17

2015-07-15 18:55:29 	 SUCCESS=> Packet: 2015-07-15 18:55:03

2015-07-15 18:56:16 	 SUCCESS=> Packet: 2015-07-15 18:55:50

2015-07-15 18:57:02 	 SUCCESS=> Packet: 2015-07-15 18:56:37

2015-07-15 18:57:50 	 SUCCESS=> Packet: 2015-07-15 18:57:23

2015-07-15 18:58:39 	 SUCCESS=> Packet: 2015-07-15 18:58:11

2015-07-15 18:59:25 	 SUCCESS=> Packet: 2015-07-15 18:59:00

2015-07-15 19:00:10 	 SUCCESS=> Packet: 2015-07-15 18:59:46

2015-07-15 19:00:54 	 SUCCESS=> Packet: 2015-07-15 19:00:31

2015-07-15 19:01:40 	 SUCCESS=> Packet: 2015-07-15 19:01:15

2015-07-15 19:02:26 	 SUCCESS=> Packet: 2015-07-15 19:02:01

2015-07-15 19:03:11 	 SUCCESS=> Packet: 2015-07-15 19:02:47

2015-07-15 19:03:56 	 SUCCESS=> Packet: 2015-07-15 19:03:32

2015-07-15 19:04:40 	 SUCCESS=> Packet: 2015-07-15 19:04:17

2015-07-15 19:05:26 	 SUCCESS=> Packet: 2015-07-15 19:05:01

2015-07-15 19:06:11 	 SUCCESS=> Packet: 2015-07-15 19:05:47

2015-07-15 19:06:56 	 SUCCESS=> Packet: 2015-07-15 19:06:32

2015-07-15 19:07:42 	 SUCCESS=> Packet: 2015-07-15 19:07:17

2015-07-15 19:08:36 	 SUCCESS=> Packet: 2015-07-15 19:08:03

2015-07-15 19:09:23 	 SUCCESS=> Packet: 2015-07-15 19:08:57

2015-07-15 19:10:06 	 SUCCESS=> Packet: 2015-07-15 19:09:43

2015-07-15 19:10:50 	 SUCCESS=> Packet: 2015-07-15 19:10:27

2015-07-15 19:11:38 	 SUCCESS=> Packet: 2015-07-15 19:11:11

2015-07-15 19:12:26 	 SUCCESS=> Packet: 2015-07-15 19:11:59

2015-07-15 19:13:11 	 SUCCESS=> Packet: 2015-07-15 19:12:46

2015-07-15 19:13:57 	 SUCCESS=> Packet: 2015-07-15 19:13:32

2015-07-15 19:14:46 	 SUCCESS=> Packet: 2015-07-15 19:14:18

2015-07-15 19:15:34 	 SUCCESS=> Packet: 2015-07-15 19:15:07

2015-07-15 19:16:18 	 SUCCESS=> Packet: 2015-07-15 19:15:55

2015-07-15 19:17:04 	 SUCCESS=> Packet: 2015-07-15 19:16:39

2015-07-15 19:17:49 	 SUCCESS=> Packet: 2015-07-15 19:17:25

2015-07-15 19:18:36 	 SUCCESS=> Packet: 2015-07-15 19:18:10

2015-07-15 19:19:24 	 SUCCESS=> Packet: 2015-07-15 19:18:57

2015-07-15 19:20:09 	 SUCCESS=> Packet: 2015-07-15 19:19:44

2015-07-15 19:20:54 	 SUCCESS=> Packet: 2015-07-15 19:20:30

2015-07-15 19:21:40 	 SUCCESS=> Packet: 2015-07-15 19:21:15

2015-07-15 19:22:26 	 SUCCESS=> Packet: 2015-07-15 19:22:01

2015-07-15 19:23:11 	 SUCCESS=> Packet: 2015-07-15 19:22:47

2015-07-15 19:23:57 	 SUCCESS=> Packet: 2015-07-15 19:23:32

2015-07-15 19:24:43 	 SUCCESS=> Packet: 2015-07-15 19:24:18

2015-07-15 19:25:29 	 SUCCESS=> Packet: 2015-07-15 19:25:04

2015-07-15 19:26:15 	 SUCCESS=> Packet: 2015-07-15 19:25:50

2015-07-15 19:27:02 	 SUCCESS=> Packet: 2015-07-15 19:26:36

2015-07-15 19:27:46 	 SUCCESS=> Packet: 2015-07-15 19:27:23

2015-07-15 19:28:33 	 SUCCESS=> Packet: 2015-07-15 19:28:07

2015-07-15 19:29:18 	 SUCCESS=> Packet: 2015-07-15 19:28:54

2015-07-15 19:30:08 	 Returned "Other" status,packet: 2015-07-15 19:29:39

2015-07-15 19:31:02 	 SUCCESS=> Packet: 2015-07-15 19:30:37

2015-07-15 19:31:47 	 SUCCESS=> Packet: 2015-07-15 19:31:22

2015-07-15 19:32:35 	 SUCCESS=> Packet: 2015-07-15 19:32:08

2015-07-15 19:33:21 	 SUCCESS=> Packet: 2015-07-15 19:32:56

2015-07-15 19:34:05 	 SUCCESS=> Packet: 2015-07-15 19:33:42

2015-07-15 19:34:50 	 SUCCESS=> Packet: 2015-07-15 19:34:26

2015-07-15 19:35:35 	 SUCCESS=> Packet: 2015-07-15 19:35:11

2015-07-15 19:36:21 	 SUCCESS=> Packet: 2015-07-15 19:35:56

2015-07-15 19:37:07 	 SUCCESS=> Packet: 2015-07-15 19:36:42

2015-07-15 19:37:51 	 SUCCESS=> Packet: 2015-07-15 19:37:28

2015-07-15 19:38:35 	 SUCCESS=> Packet: 2015-07-15 19:38:12

2015-07-15 19:39:22 	 SUCCESS=> Packet: 2015-07-15 19:38:55

2015-07-15 19:40:08 	 SUCCESS=> Packet: 2015-07-15 19:39:43

2015-07-15 19:40:52 	 SUCCESS=> Packet: 2015-07-15 19:40:28

2015-07-15 19:41:36 	 SUCCESS=> Packet: 2015-07-15 19:41:13

2015-07-15 19:42:21 	 SUCCESS=> Packet: 2015-07-15 19:41:57

2015-07-15 19:43:13 	 SUCCESS=> Packet: 2015-07-15 19:42:42

2015-07-15 19:43:59 	 SUCCESS=> Packet: 2015-07-15 19:43:34

2015-07-15 19:44:47 	 SUCCESS=> Packet: 2015-07-15 19:44:20

2015-07-15 19:45:35 	 SUCCESS=> Packet: 2015-07-15 19:45:08

2015-07-15 19:46:22 	 SUCCESS=> Packet: 2015-07-15 19:45:56

2015-07-15 19:47:08 	 SUCCESS=> Packet: 2015-07-15 19:46:43

2015-07-15 19:47:55 	 SUCCESS=> Packet: 2015-07-15 19:47:28

2015-07-15 19:48:39 	 SUCCESS=> Packet: 2015-07-15 19:48:16

2015-07-15 19:49:24 	 SUCCESS=> Packet: 2015-07-15 19:49:00

2015-07-15 19:50:13 	 SUCCESS=> Packet: 2015-07-15 19:49:45

2015-07-15 19:50:59 	 SUCCESS=> Packet: 2015-07-15 19:50:34

2015-07-15 19:51:45 	 SUCCESS=> Packet: 2015-07-15 19:51:20

2015-07-15 19:52:29 	 SUCCESS=> Packet: 2015-07-15 19:52:05

2015-07-15 19:53:16 	 SUCCESS=> Packet: 2015-07-15 19:52:50

2015-07-15 19:54:01 	 SUCCESS=> Packet: 2015-07-15 19:53:37

2015-07-15 19:54:45 	 SUCCESS=> Packet: 2015-07-15 19:54:22

2015-07-15 19:55:31 	 SUCCESS=> Packet: 2015-07-15 19:55:06

2015-07-15 19:56:17 	 SUCCESS=> Packet: 2015-07-15 19:55:52

2015-07-15 19:57:01 	 SUCCESS=> Packet: 2015-07-15 19:56:38

2015-07-15 19:57:54 	 SUCCESS=> Packet: 2015-07-15 19:57:22

2015-07-15 19:58:40 	 SUCCESS=> Packet: 2015-07-15 19:58:15

2015-07-15 19:59:30 	 SUCCESS=> Packet: 2015-07-15 19:59:01

2015-07-15 20:00:14 	 SUCCESS=> Packet: 2015-07-15 19:59:51

2015-07-15 20:00:57 	 SUCCESS=> Packet: 2015-07-15 20:00:35

2015-07-15 20:01:41 	 SUCCESS=> Packet: 2015-07-15 20:01:18

2015-07-15 20:02:37 	 FAILED=> Packet: 2015-07-15 20:02:02

2015-07-15 20:03:22 	 SUCCESS=> Packet: 2015-07-15 20:02:57

2015-07-15 20:04:08 	 SUCCESS=> Packet: 2015-07-15 20:03:43

2015-07-15 20:04:51 	 SUCCESS=> Packet: 2015-07-15 20:04:28

2015-07-15 20:05:38 	 SUCCESS=> Packet: 2015-07-15 20:05:12

2015-07-15 20:06:23 	 SUCCESS=> Packet: 2015-07-15 20:05:58

2015-07-15 20:07:12 	 FAILED=> Packet: 2015-07-15 20:06:44

2015-07-15 20:08:02 	 SUCCESS=> Packet: 2015-07-15 20:07:33

2015-07-15 20:08:48 	 SUCCESS=> Packet: 2015-07-15 20:08:23

2015-07-15 20:09:36 	 SUCCESS=> Packet: 2015-07-15 20:09:09

2015-07-15 20:10:19 	 SUCCESS=> Packet: 2015-07-15 20:09:57

2015-07-15 20:11:05 	 SUCCESS=> Packet: 2015-07-15 20:10:40

2015-07-15 20:11:51 	 SUCCESS=> Packet: 2015-07-15 20:11:26

2015-07-15 20:12:37 	 SUCCESS=> Packet: 2015-07-15 20:12:12

2015-07-15 20:13:21 	 SUCCESS=> Packet: 2015-07-15 20:12:58

2015-07-15 20:14:05 	 SUCCESS=> Packet: 2015-07-15 20:13:42

2015-07-15 20:14:52 	 SUCCESS=> Packet: 2015-07-15 20:14:26

2015-07-15 20:15:38 	 SUCCESS=> Packet: 2015-07-15 20:15:13

2015-07-15 20:16:24 	 SUCCESS=> Packet: 2015-07-15 20:15:59

2015-07-15 20:17:19 	 SUCCESS=> Packet: 2015-07-15 20:16:45

2015-07-15 20:18:09 	 SUCCESS=> Packet: 2015-07-15 20:17:40

2015-07-15 20:19:09 	 SUCCESS=> Packet: 2015-07-15 20:18:30

2015-07-15 20:19:54 	 SUCCESS=> Packet: 2015-07-15 20:19:29

2015-07-15 20:20:40 	 SUCCESS=> Packet: 2015-07-15 20:20:15

2015-07-15 20:21:26 	 SUCCESS=> Packet: 2015-07-15 20:21:01

2015-07-15 20:22:11 	 SUCCESS=> Packet: 2015-07-15 20:21:47

2015-07-15 20:22:58 	 SUCCESS=> Packet: 2015-07-15 20:22:32

2015-07-15 20:23:43 	 SUCCESS=> Packet: 2015-07-15 20:23:19

2015-07-15 20:24:27 	 SUCCESS=> Packet: 2015-07-15 20:24:04

2015-07-15 20:25:12 	 SUCCESS=> Packet: 2015-07-15 20:24:48

2015-07-15 20:25:58 	 SUCCESS=> Packet: 2015-07-15 20:25:33

2015-07-15 20:26:45 	 SUCCESS=> Packet: 2015-07-15 20:26:19

2015-07-15 20:27:31 	 SUCCESS=> Packet: 2015-07-15 20:27:05

2015-07-15 20:28:17 	 SUCCESS=> Packet: 2015-07-15 20:27:51

2015-07-15 20:29:03 	 SUCCESS=> Packet: 2015-07-15 20:28:38

2015-07-15 20:29:56 	 SUCCESS=> Packet: 2015-07-15 20:29:24

2015-07-15 20:30:42 	 SUCCESS=> Packet: 2015-07-15 20:30:17

2015-07-15 20:31:29 	 SUCCESS=> Packet: 2015-07-15 20:31:03

2015-07-15 20:32:13 	 SUCCESS=> Packet: 2015-07-15 20:31:50

2015-07-15 20:32:58 	 SUCCESS=> Packet: 2015-07-15 20:32:34

2015-07-15 20:33:44 	 SUCCESS=> Packet: 2015-07-15 20:33:19

2015-07-15 20:34:30 	 SUCCESS=> Packet: 2015-07-15 20:34:05

2015-07-15 20:35:12 	 SUCCESS=> Packet: 2015-07-15 20:34:51

2015-07-15 20:36:00 	 SUCCESS=> Packet: 2015-07-15 20:35:33

2015-07-15 20:36:46 	 SUCCESS=> Packet: 2015-07-15 20:36:21

2015-07-15 20:37:30 	 SUCCESS=> Packet: 2015-07-15 20:37:07

2015-07-15 20:38:20 	 SUCCESS=> Packet: 2015-07-15 20:37:51

2015-07-15 20:39:06 	 SUCCESS=> Packet: 2015-07-15 20:38:41

2015-07-15 20:39:54 	 SUCCESS=> Packet: 2015-07-15 20:39:27

2015-07-15 20:40:39 	 SUCCESS=> Packet: 2015-07-15 20:40:14

2015-07-15 20:41:35 	 SUCCESS=> Packet: 2015-07-15 20:41:00

2015-07-15 20:42:20 	 SUCCESS=> Packet: 2015-07-15 20:41:56

2015-07-15 20:43:06 	 SUCCESS=> Packet: 2015-07-15 20:42:41

2015-07-15 20:43:53 	 SUCCESS=> Packet: 2015-07-15 20:43:27

2015-07-15 20:44:40 	 SUCCESS=> Packet: 2015-07-15 20:44:14

2015-07-15 20:45:23 	 SUCCESS=> Packet: 2015-07-15 20:45:00

2015-07-15 20:46:09 	 SUCCESS=> Packet: 2015-07-15 20:45:44

2015-07-15 20:46:54 	 SUCCESS=> Packet: 2015-07-15 20:46:30

2015-07-15 20:47:40 	 SUCCESS=> Packet: 2015-07-15 20:47:14

2015-07-15 20:48:24 	 SUCCESS=> Packet: 2015-07-15 20:48:01

2015-07-15 20:49:09 	 SUCCESS=> Packet: 2015-07-15 20:48:45

2015-07-15 20:50:07 	 Returned "Other" status,packet: 2015-07-15 20:49:30

2015-07-15 20:51:00 	 SUCCESS=> Packet: 2015-07-15 20:50:35

2015-07-15 20:51:44 	 SUCCESS=> Packet: 2015-07-15 20:51:21

2015-07-15 20:52:30 	 SUCCESS=> Packet: 2015-07-15 20:52:05

2015-07-15 20:53:15 	 SUCCESS=> Packet: 2015-07-15 20:52:51

2015-07-15 20:54:00 	 SUCCESS=> Packet: 2015-07-15 20:53:36

2015-07-15 20:54:49 	 SUCCESS=> Packet: 2015-07-15 20:54:21

2015-07-15 20:55:34 	 SUCCESS=> Packet: 2015-07-15 20:55:10

2015-07-15 20:56:23 	 SUCCESS=> Packet: 2015-07-15 20:55:55

2015-07-15 20:57:08 	 SUCCESS=> Packet: 2015-07-15 20:56:44

2015-07-15 20:57:52 	 SUCCESS=> Packet: 2015-07-15 20:57:29

2015-07-15 20:58:38 	 SUCCESS=> Packet: 2015-07-15 20:58:13

2015-07-15 20:59:25 	 SUCCESS=> Packet: 2015-07-15 20:58:59

2015-07-15 21:00:10 	 SUCCESS=> Packet: 2015-07-15 20:59:46

2015-07-15 21:00:54 	 SUCCESS=> Packet: 2015-07-15 21:00:31

2015-07-15 21:01:40 	 SUCCESS=> Packet: 2015-07-15 21:01:15

2015-07-15 21:02:26 	 SUCCESS=> Packet: 2015-07-15 21:02:01

2015-07-15 21:03:13 	 SUCCESS=> Packet: 2015-07-15 21:02:46

2015-07-15 21:03:59 	 SUCCESS=> Packet: 2015-07-15 21:03:34

2015-07-15 21:04:43 	 SUCCESS=> Packet: 2015-07-15 21:04:20

2015-07-15 21:05:28 	 SUCCESS=> Packet: 2015-07-15 21:05:04

2015-07-15 21:06:16 	 SUCCESS=> Packet: 2015-07-15 21:05:49

2015-07-15 21:07:02 	 SUCCESS=> Packet: 2015-07-15 21:06:37

2015-07-15 21:07:48 	 SUCCESS=> Packet: 2015-07-15 21:07:23

2015-07-15 21:08:33 	 SUCCESS=> Packet: 2015-07-15 21:08:09

2015-07-15 21:09:21 	 SUCCESS=> Packet: 2015-07-15 21:08:54

2015-07-15 21:10:02 	 FAILED=> DATA SENDING FAILED,packet: 2015-07-15 21:09:42

2015-07-15 21:10:48 	 SUCCESS=> Packet: 2015-07-15 21:10:23

2015-07-15 21:11:50 	 SUCCESS=> Packet: 2015-07-15 21:11:09

2015-07-15 21:12:35 	 SUCCESS=> Packet: 2015-07-15 21:12:11

2015-07-15 21:13:21 	 SUCCESS=> Packet: 2015-07-15 21:12:56

2015-07-15 21:14:07 	 SUCCESS=> Packet: 2015-07-15 21:13:42

2015-07-15 21:14:51 	 SUCCESS=> Packet: 2015-07-15 21:14:28

2015-07-15 21:15:35 	 SUCCESS=> Packet: 2015-07-15 21:15:12

2015-07-15 21:16:22 	 SUCCESS=> Packet: 2015-07-15 21:15:56

2015-07-15 21:17:06 	 SUCCESS=> Packet: 2015-07-15 21:16:43

2015-07-15 21:17:52 	 SUCCESS=> Packet: 2015-07-15 21:17:27

2015-07-15 21:18:39 	 SUCCESS=> Packet: 2015-07-15 21:18:13

2015-07-15 21:19:22 	 SUCCESS=> Packet: 2015-07-15 21:19:00

2015-07-15 21:20:15 	 SUCCESS=> Packet: 2015-07-15 21:19:43

2015-07-15 21:21:01 	 SUCCESS=> Packet: 2015-07-15 21:20:36

2015-07-15 21:21:45 	 SUCCESS=> Packet: 2015-07-15 21:21:22

2015-07-15 21:22:35 	 SUCCESS=> Packet: 2015-07-15 21:22:06

2015-07-15 21:23:21 	 SUCCESS=> Packet: 2015-07-15 21:22:56

2015-07-15 21:24:09 	 SUCCESS=> Packet: 2015-07-15 21:23:42

2015-07-15 21:24:53 	 SUCCESS=> Packet: 2015-07-15 21:24:30

2015-07-15 21:25:40 	 SUCCESS=> Packet: 2015-07-15 21:25:14

2015-07-15 21:26:26 	 SUCCESS=> Packet: 2015-07-15 21:26:01

2015-07-15 21:27:22 	 SUCCESS=> Packet: 2015-07-15 21:26:47

2015-07-15 21:28:05 	 SUCCESS=> Packet: 2015-07-15 21:27:42

2015-07-15 21:28:51 	 SUCCESS=> Packet: 2015-07-15 21:28:26

2015-07-15 21:29:36 	 SUCCESS=> Packet: 2015-07-15 21:29:12

2015-07-15 21:30:22 	 SUCCESS=> Packet: 2015-07-15 21:29:57

2015-07-15 21:31:14 	 SUCCESS=> Packet: 2015-07-15 21:30:43

2015-07-15 21:32:02 	 SUCCESS=> Packet: 2015-07-15 21:31:35

2015-07-15 21:32:49 	 SUCCESS=> Packet: 2015-07-15 21:32:23

2015-07-15 21:33:35 	 SUCCESS=> Packet: 2015-07-15 21:33:09

2015-07-15 21:34:27 	 SUCCESS=> Packet: 2015-07-15 21:33:56

2015-07-15 21:35:13 	 SUCCESS=> Packet: 2015-07-15 21:34:48

2015-07-15 21:35:57 	 SUCCESS=> Packet: 2015-07-15 21:35:34

2015-07-15 21:36:41 	 SUCCESS=> Packet: 2015-07-15 21:36:18

2015-07-15 21:37:27 	 SUCCESS=> Packet: 2015-07-15 21:37:02

2015-07-15 21:38:11 	 SUCCESS=> Packet: 2015-07-15 21:37:48

2015-07-15 21:38:57 	 SUCCESS=> Packet: 2015-07-15 21:38:32

2015-07-15 21:39:40 	 SUCCESS=> Packet: 2015-07-15 21:39:18

2015-07-15 21:40:29 	 SUCCESS=> Packet: 2015-07-15 21:40:01

2015-07-15 21:41:13 	 SUCCESS=> Packet: 2015-07-15 21:40:50

2015-07-15 21:41:57 	 SUCCESS=> Packet: 2015-07-15 21:41:34

2015-07-15 21:42:43 	 SUCCESS=> Packet: 2015-07-15 21:42:18

2015-07-15 21:43:28 	 Returned "Other" status,packet: 2015-07-15 21:43:04

2015-07-15 21:44:30 	 SUCCESS=> Packet: 2015-07-15 21:44:06

2015-07-15 21:45:25 	 SUCCESS=> Packet: 2015-07-15 21:44:58

2015-07-15 21:46:11 	 SUCCESS=> Packet: 2015-07-15 21:45:46

2015-07-15 21:46:57 	 SUCCESS=> Packet: 2015-07-15 21:46:32

2015-07-15 21:47:43 	 SUCCESS=> Packet: 2015-07-15 21:47:18

2015-07-15 21:48:32 	 FAILED=> Packet: 2015-07-15 21:48:04

2015-07-15 21:49:38 	 FAILED=> Packet: 2015-07-15 21:49:10

2015-07-15 21:50:36 	 SUCCESS=> Packet: 2015-07-15 21:50:11

2015-07-15 21:51:29 	 SUCCESS=> Packet: 2015-07-15 21:51:04

2015-07-15 21:52:24 	 SUCCESS=> Packet: 2015-07-15 21:51:57

2015-07-15 21:53:08 	 SUCCESS=> Packet: 2015-07-15 21:52:45

2015-07-15 21:53:54 	 SUCCESS=> Packet: 2015-07-15 21:53:29

2015-07-15 21:54:42 	 SUCCESS=> Packet: 2015-07-15 21:54:15

2015-07-15 21:55:28 	 SUCCESS=> Packet: 2015-07-15 21:55:03

2015-07-15 21:56:13 	 SUCCESS=> Packet: 2015-07-15 21:55:49

2015-07-15 21:56:59 	 SUCCESS=> Packet: 2015-07-15 21:56:34

2015-07-15 21:57:43 	 SUCCESS=> Packet: 2015-07-15 21:57:20

2015-07-15 21:58:28 	 SUCCESS=> Packet: 2015-07-15 21:58:03

2015-07-15 21:59:13 	 SUCCESS=> Packet: 2015-07-15 21:58:49

2015-07-15 21:59:57 	 SUCCESS=> Packet: 2015-07-15 21:59:34

2015-07-15 22:00:47 	 SUCCESS=> Packet: 2015-07-15 22:00:18

2015-07-15 22:01:32 	 SUCCESS=> Packet: 2015-07-15 22:01:08

2015-07-15 22:02:18 	 SUCCESS=> Packet: 2015-07-15 22:01:53

2015-07-15 22:03:01 	 SUCCESS=> Packet: 2015-07-15 22:02:39

2015-07-15 22:03:50 	 SUCCESS=> Packet: 2015-07-15 22:03:22

2015-07-15 22:04:40 	 SUCCESS=> Packet: 2015-07-15 22:04:10

2015-07-15 22:05:26 	 SUCCESS=> Packet: 2015-07-15 22:05:00

2015-07-15 22:06:12 	 SUCCESS=> Packet: 2015-07-15 22:05:46

2015-07-15 22:06:57 	 SUCCESS=> Packet: 2015-07-15 22:06:32

2015-07-15 22:07:42 	 SUCCESS=> Packet: 2015-07-15 22:07:18

2015-07-15 22:08:28 	 SUCCESS=> Packet: 2015-07-15 22:08:03

2015-07-15 22:09:12 	 SUCCESS=> Packet: 2015-07-15 22:08:49

2015-07-15 22:09:56 	 SUCCESS=> Packet: 2015-07-15 22:09:33

2015-07-15 22:10:41 	 SUCCESS=> Packet: 2015-07-15 22:10:17

2015-07-15 22:11:25 	 SUCCESS=> Packet: 2015-07-15 22:11:02

2015-07-15 22:12:09 	 SUCCESS=> Packet: 2015-07-15 22:11:46

2015-07-15 22:12:54 	 SUCCESS=> Packet: 2015-07-15 22:12:30

2015-07-15 22:13:40 	 SUCCESS=> Packet: 2015-07-15 22:13:15

2015-07-15 22:14:28 	 SUCCESS=> Packet: 2015-07-15 22:14:01

2015-07-15 22:15:14 	 SUCCESS=> Packet: 2015-07-15 22:14:49

2015-07-15 22:15:59 	 SUCCESS=> Packet: 2015-07-15 22:15:35

2015-07-15 22:16:45 	 SUCCESS=> Packet: 2015-07-15 22:16:20

2015-07-15 22:17:31 	 SUCCESS=> Packet: 2015-07-15 22:17:06

2015-07-15 22:18:19 	 SUCCESS=> Packet: 2015-07-15 22:17:52

2015-07-15 22:19:08 	 SUCCESS=> Packet: 2015-07-15 22:18:40

2015-07-15 22:19:55 	 SUCCESS=> Packet: 2015-07-15 22:19:29

2015-07-15 22:20:40 	 SUCCESS=> Packet: 2015-07-15 22:20:16

2015-07-15 22:21:26 	 SUCCESS=> Packet: 2015-07-15 22:21:01

2015-07-15 22:22:21 	 SUCCESS=> Packet: 2015-07-15 22:21:47

2015-07-15 22:23:06 	 SUCCESS=> Packet: 2015-07-15 22:22:42

2015-07-15 22:23:51 	 SUCCESS=> Packet: 2015-07-15 22:23:27

2015-07-15 22:24:38 	 SUCCESS=> Packet: 2015-07-15 22:24:12

2015-07-15 22:25:24 	 SUCCESS=> Packet: 2015-07-15 22:24:59

2015-07-15 22:26:11 	 SUCCESS=> Packet: 2015-07-15 22:25:45

2015-07-15 22:26:56 	 SUCCESS=> Packet: 2015-07-15 22:26:32

2015-07-15 22:27:40 	 SUCCESS=> Packet: 2015-07-15 22:27:17

2015-07-15 22:28:27 	 SUCCESS=> Packet: 2015-07-15 22:28:01

2015-07-15 22:29:13 	 SUCCESS=> Packet: 2015-07-15 22:28:48

2015-07-15 22:29:57 	 SUCCESS=> Packet: 2015-07-15 22:29:34

2015-07-15 22:30:43 	 SUCCESS=> Packet: 2015-07-15 22:30:18

2015-07-15 22:31:28 	 SUCCESS=> Packet: 2015-07-15 22:31:04

2015-07-15 22:32:14 	 SUCCESS=> Packet: 2015-07-15 22:31:49

2015-07-15 22:33:00 	 SUCCESS=> Packet: 2015-07-15 22:32:35

2015-07-15 22:33:46 	 SUCCESS=> Packet: 2015-07-15 22:33:20

2015-07-15 22:34:33 	 SUCCESS=> Packet: 2015-07-15 22:34:07

2015-07-15 22:35:17 	 SUCCESS=> Packet: 2015-07-15 22:34:54

2015-07-15 22:36:03 	 SUCCESS=> Packet: 2015-07-15 22:35:38

2015-07-15 22:36:48 	 SUCCESS=> Packet: 2015-07-15 22:36:24

2015-07-15 22:37:35 	 SUCCESS=> Packet: 2015-07-15 22:37:09

2015-07-15 22:38:29 	 SUCCESS=> Packet: 2015-07-15 22:37:56

2015-07-15 22:39:14 	 SUCCESS=> Packet: 2015-07-15 22:38:49

2015-07-15 22:39:58 	 SUCCESS=> Packet: 2015-07-15 22:39:35

2015-07-15 22:40:40 	 SUCCESS=> Packet: 2015-07-15 22:40:19

2015-07-15 22:41:28 	 SUCCESS=> Packet: 2015-07-15 22:41:01

2015-07-15 22:42:14 	 SUCCESS=> Packet: 2015-07-15 22:41:49

2015-07-15 22:42:58 	 SUCCESS=> Packet: 2015-07-15 22:42:35

2015-07-15 22:43:45 	 SUCCESS=> Packet: 2015-07-15 22:43:18

2015-07-15 22:44:29 	 SUCCESS=> Packet: 2015-07-15 22:44:06

2015-07-15 22:45:14 	 SUCCESS=> Packet: 2015-07-15 22:44:50

2015-07-15 22:45:58 	 SUCCESS=> Packet: 2015-07-15 22:45:35

2015-07-15 22:46:44 	 SUCCESS=> Packet: 2015-07-15 22:46:19

2015-07-15 22:47:38 	 SUCCESS=> Packet: 2015-07-15 22:47:05

2015-07-15 22:48:24 	 SUCCESS=> Packet: 2015-07-15 22:47:59

2015-07-15 22:49:10 	 SUCCESS=> Packet: 2015-07-15 22:48:44

2015-07-15 22:49:56 	 SUCCESS=> Packet: 2015-07-15 22:49:31

2015-07-15 22:50:42 	 SUCCESS=> Packet: 2015-07-15 22:50:17

2015-07-15 22:51:27 	 SUCCESS=> Packet: 2015-07-15 22:51:02

2015-07-15 22:52:13 	 SUCCESS=> Packet: 2015-07-15 22:51:48

2015-07-15 22:52:59 	 SUCCESS=> Packet: 2015-07-15 22:52:34

2015-07-15 22:53:44 	 SUCCESS=> Packet: 2015-07-15 22:53:19

2015-07-15 22:54:30 	 SUCCESS=> Packet: 2015-07-15 22:54:05

2015-07-15 22:55:17 	 SUCCESS=> Packet: 2015-07-15 22:54:51

2015-07-15 22:56:03 	 SUCCESS=> Packet: 2015-07-15 22:55:38

2015-07-15 22:56:49 	 SUCCESS=> Packet: 2015-07-15 22:56:23

2015-07-15 22:57:35 	 SUCCESS=> Packet: 2015-07-15 22:57:10

2015-07-15 22:58:18 	 SUCCESS=> Packet: 2015-07-15 22:57:56

2015-07-15 22:59:05 	 SUCCESS=> Packet: 2015-07-15 22:58:39

2015-07-15 22:59:48 	 SUCCESS=> Packet: 2015-07-15 22:59:25

2015-07-15 23:00:33 	 SUCCESS=> Packet: 2015-07-15 23:00:09

2015-07-15 23:01:16 	 SUCCESS=> Packet: 2015-07-15 23:00:53

2015-07-15 23:02:01 	 SUCCESS=> Packet: 2015-07-15 23:01:37

2015-07-15 23:02:47 	 SUCCESS=> Packet: 2015-07-15 23:02:22

2015-07-15 23:03:33 	 SUCCESS=> Packet: 2015-07-15 23:03:08

2015-07-15 23:04:20 	 SUCCESS=> Packet: 2015-07-15 23:03:54

2015-07-15 23:05:06 	 SUCCESS=> Packet: 2015-07-15 23:04:41

2015-07-15 23:05:52 	 SUCCESS=> Packet: 2015-07-15 23:05:26

2015-07-15 23:06:38 	 SUCCESS=> Packet: 2015-07-15 23:06:13

2015-07-15 23:07:28 	 SUCCESS=> Packet: 2015-07-15 23:06:59

2015-07-15 23:08:11 	 SUCCESS=> Packet: 2015-07-15 23:07:49

2015-07-15 23:08:58 	 SUCCESS=> Packet: 2015-07-15 23:08:32

2015-07-15 23:09:44 	 SUCCESS=> Packet: 2015-07-15 23:09:19

2015-07-15 23:10:30 	 SUCCESS=> Packet: 2015-07-15 23:10:05

2015-07-15 23:11:16 	 SUCCESS=> Packet: 2015-07-15 23:10:51

2015-07-15 23:12:01 	 SUCCESS=> Packet: 2015-07-15 23:11:37

2015-07-15 23:12:45 	 SUCCESS=> Packet: 2015-07-15 23:12:22

2015-07-15 23:13:30 	 SUCCESS=> Packet: 2015-07-15 23:13:06

2015-07-15 23:14:16 	 SUCCESS=> Packet: 2015-07-15 23:13:51

2015-07-15 23:15:03 	 SUCCESS=> Packet: 2015-07-15 23:14:37

2015-07-15 23:15:46 	 SUCCESS=> Packet: 2015-07-15 23:15:24

2015-07-15 23:16:32 	 SUCCESS=> Packet: 2015-07-15 23:16:07

2015-07-15 23:17:16 	 SUCCESS=> Packet: 2015-07-15 23:16:53

2015-07-15 23:18:02 	 SUCCESS=> Packet: 2015-07-15 23:17:37

2015-07-15 23:18:50 	 FAILED=> Packet: 2015-07-15 23:18:23

2015-07-15 23:19:46 	 SUCCESS=> Packet: 2015-07-15 23:19:18

2015-07-15 23:20:33 	 SUCCESS=> Packet: 2015-07-15 23:20:06

2015-07-15 23:21:17 	 SUCCESS=> Packet: 2015-07-15 23:20:54

2015-07-15 23:22:03 	 SUCCESS=> Packet: 2015-07-15 23:21:38

2015-07-15 23:22:49 	 SUCCESS=> Packet: 2015-07-15 23:22:24

2015-07-15 23:23:32 	 SUCCESS=> Packet: 2015-07-15 23:23:10

2015-07-15 23:24:20 	 SUCCESS=> Packet: 2015-07-15 23:23:53

2015-07-15 23:25:06 	 SUCCESS=> Packet: 2015-07-15 23:24:41

2015-07-15 23:25:52 	 SUCCESS=> Packet: 2015-07-15 23:25:27

2015-07-15 23:26:37 	 SUCCESS=> Packet: 2015-07-15 23:26:13

2015-07-15 23:27:22 	 SUCCESS=> Packet: 2015-07-15 23:26:58

2015-07-15 23:28:08 	 SUCCESS=> Packet: 2015-07-15 23:27:43

2015-07-15 23:28:54 	 SUCCESS=> Packet: 2015-07-15 23:28:29

2015-07-15 23:29:41 	 SUCCESS=> Packet: 2015-07-15 23:29:15

2015-07-15 23:30:28 	 SUCCESS=> Packet: 2015-07-15 23:30:01

2015-07-15 23:31:14 	 SUCCESS=> Packet: 2015-07-15 23:30:49

2015-07-15 23:32:00 	 SUCCESS=> Packet: 2015-07-15 23:31:35

2015-07-15 23:32:44 	 SUCCESS=> Packet: 2015-07-15 23:32:21

2015-07-15 23:33:28 	 SUCCESS=> Packet: 2015-07-15 23:33:05

2015-07-15 23:34:13 	 SUCCESS=> Packet: 2015-07-15 23:33:48

2015-07-15 23:35:00 	 SUCCESS=> Packet: 2015-07-15 23:34:34

2015-07-15 23:35:48 	 SUCCESS=> Packet: 2015-07-15 23:35:21

2015-07-15 23:36:32 	 SUCCESS=> Packet: 2015-07-15 23:36:09

2015-07-15 23:37:25 	 SUCCESS=> Packet: 2015-07-15 23:36:53

2015-07-15 23:38:08 	 SUCCESS=> Packet: 2015-07-15 23:37:46

2015-07-15 23:38:54 	 SUCCESS=> Packet: 2015-07-15 23:38:29

2015-07-15 23:39:39 	 SUCCESS=> Packet: 2015-07-15 23:39:15

2015-07-15 23:40:23 	 SUCCESS=> Packet: 2015-07-15 23:40:00

2015-07-15 23:41:08 	 SUCCESS=> Packet: 2015-07-15 23:40:43

2015-07-15 23:41:53 	 SUCCESS=> Packet: 2015-07-15 23:41:29

2015-07-15 23:42:39 	 SUCCESS=> Packet: 2015-07-15 23:42:14

2015-07-15 23:43:24 	 SUCCESS=> Packet: 2015-07-15 23:43:00

2015-07-15 23:44:08 	 SUCCESS=> Packet: 2015-07-15 23:43:45

2015-07-15 23:44:56 	 SUCCESS=> Packet: 2015-07-15 23:44:29

2015-07-15 23:45:43 	 SUCCESS=> Packet: 2015-07-15 23:45:17

2015-07-15 23:46:27 	 SUCCESS=> Packet: 2015-07-15 23:46:04

2015-07-15 23:47:14 	 SUCCESS=> Packet: 2015-07-15 23:46:48

2015-07-15 23:47:59 	 SUCCESS=> Packet: 2015-07-15 23:47:35

2015-07-15 23:48:45 	 SUCCESS=> Packet: 2015-07-15 23:48:20

2015-07-15 23:49:30 	 SUCCESS=> Packet: 2015-07-15 23:49:06

2015-07-15 23:50:15 	 SUCCESS=> Packet: 2015-07-15 23:49:51

2015-07-15 23:51:00 	 SUCCESS=> Packet: 2015-07-15 23:50:36

2015-07-15 23:51:44 	 SUCCESS=> Packet: 2015-07-15 23:51:21

2015-07-15 23:52:33 	 SUCCESS=> Packet: 2015-07-15 23:52:05

2015-07-15 23:53:18 	 SUCCESS=> Packet: 2015-07-15 23:52:54

2015-07-15 23:54:02 	 SUCCESS=> Packet: 2015-07-15 23:53:39

2015-07-15 23:54:51 	 FAILED=> Packet: 2015-07-15 23:54:23

2015-07-15 23:55:36 	 SUCCESS=> Packet: 2015-07-15 23:55:12

2015-07-15 23:56:22 	 SUCCESS=> Packet: 2015-07-15 23:55:57

2015-07-15 23:57:08 	 SUCCESS=> Packet: 2015-07-15 23:56:43

2015-07-15 23:57:53 	 SUCCESS=> Packet: 2015-07-15 23:57:29

2015-07-15 23:58:40 	 SUCCESS=> Packet: 2015-07-15 23:58:14

2015-07-15 23:59:24 	 SUCCESS=> Packet: 2015-07-15 23:59:01

2015-07-16 00:00:09 	 SUCCESS=> Packet: 2015-07-15 23:59:45

2015-07-16 00:00:55 	 SUCCESS=> Packet: 2015-07-16 00:00:30

2015-07-16 00:01:40 	 SUCCESS=> Packet: 2015-07-16 00:01:16

2015-07-16 00:02:25 	 SUCCESS=> Packet: 2015-07-16 00:02:01

2015-07-16 00:03:11 	 SUCCESS=> Packet: 2015-07-16 00:02:46

2015-07-16 00:03:55 	 SUCCESS=> Packet: 2015-07-16 00:03:32

2015-07-16 00:04:39 	 SUCCESS=> Packet: 2015-07-16 00:04:16

2015-07-16 00:05:26 	 SUCCESS=> Packet: 2015-07-16 00:05:00

2015-07-16 00:06:12 	 SUCCESS=> Packet: 2015-07-16 00:05:47

2015-07-16 00:06:58 	 SUCCESS=> Packet: 2015-07-16 00:06:33

2015-07-16 00:07:49 	 SUCCESS=> Packet: 2015-07-16 00:07:18

2015-07-16 00:08:35 	 SUCCESS=> Packet: 2015-07-16 00:08:10

2015-07-16 00:09:21 	 SUCCESS=> Packet: 2015-07-16 00:08:56

2015-07-16 00:10:08 	 Returned "Other" status,packet: 2015-07-16 00:09:42

2015-07-16 00:11:00 	 SUCCESS=> Packet: 2015-07-16 00:10:36

2015-07-16 00:11:44 	 SUCCESS=> Packet: 2015-07-16 00:11:21

2015-07-16 00:12:30 	 SUCCESS=> Packet: 2015-07-16 00:12:05

2015-07-16 00:13:16 	 SUCCESS=> Packet: 2015-07-16 00:12:51

2015-07-16 00:14:00 	 SUCCESS=> Packet: 2015-07-16 00:13:37

2015-07-16 00:14:44 	 SUCCESS=> Packet: 2015-07-16 00:14:21

2015-07-16 00:15:30 	 SUCCESS=> Packet: 2015-07-16 00:15:05

2015-07-16 00:16:16 	 SUCCESS=> Packet: 2015-07-16 00:15:51

2015-07-16 00:17:01 	 SUCCESS=> Packet: 2015-07-16 00:16:36

2015-07-16 00:17:49 	 SUCCESS=> Packet: 2015-07-16 00:17:22

2015-07-16 00:18:35 	 SUCCESS=> Packet: 2015-07-16 00:18:10

2015-07-16 00:19:19 	 SUCCESS=> Packet: 2015-07-16 00:18:55

2015-07-16 00:20:02 	 FAILED=> Packet: 2015-07-16 00:19:40

2015-07-16 00:20:47 	 SUCCESS=> Packet: 2015-07-16 00:20:23

2015-07-16 00:21:31 	 SUCCESS=> Packet: 2015-07-16 00:21:08

2015-07-16 00:22:18 	 SUCCESS=> Packet: 2015-07-16 00:21:52

2015-07-16 00:23:01 	 SUCCESS=> Packet: 2015-07-16 00:22:39

2015-07-16 00:23:49 	 SUCCESS=> Packet: 2015-07-16 00:23:22

2015-07-16 00:24:33 	 SUCCESS=> Packet: 2015-07-16 00:24:10

2015-07-16 00:25:21 	 SUCCESS=> Packet: 2015-07-16 00:24:54

2015-07-16 00:26:05 	 SUCCESS=> Packet: 2015-07-16 00:25:42

2015-07-16 00:26:50 	 SUCCESS=> Packet: 2015-07-16 00:26:26

2015-07-16 00:27:37 	 SUCCESS=> Packet: 2015-07-16 00:27:11

2015-07-16 00:28:21 	 SUCCESS=> Packet: 2015-07-16 00:27:57

2015-07-16 00:29:08 	 SUCCESS=> Packet: 2015-07-16 00:28:42

2015-07-16 00:29:56 	 SUCCESS=> Packet: 2015-07-16 00:29:29

2015-07-16 00:30:42 	 SUCCESS=> Packet: 2015-07-16 00:30:17

2015-07-16 00:31:29 	 SUCCESS=> Packet: 2015-07-16 00:31:02

2015-07-16 00:32:21 	 SUCCESS=> Packet: 2015-07-16 00:31:50

2015-07-16 00:33:07 	 SUCCESS=> Packet: 2015-07-16 00:32:42

2015-07-16 00:33:52 	 SUCCESS=> Packet: 2015-07-16 00:33:27

2015-07-16 00:34:37 	 SUCCESS=> Packet: 2015-07-16 00:34:13

2015-07-16 00:35:23 	 SUCCESS=> Packet: 2015-07-16 00:34:58

2015-07-16 00:36:07 	 SUCCESS=> Packet: 2015-07-16 00:35:44

2015-07-16 00:36:53 	 SUCCESS=> Packet: 2015-07-16 00:36:28

2015-07-16 00:37:37 	 SUCCESS=> Packet: 2015-07-16 00:37:13

2015-07-16 00:38:22 	 SUCCESS=> Packet: 2015-07-16 00:37:57

2015-07-16 00:39:08 	 SUCCESS=> Packet: 2015-07-16 00:38:43

2015-07-16 00:39:51 	 SUCCESS=> Packet: 2015-07-16 00:39:29

2015-07-16 00:40:35 	 SUCCESS=> Packet: 2015-07-16 00:40:12

2015-07-16 00:41:21 	 SUCCESS=> Packet: 2015-07-16 00:40:56

2015-07-16 00:42:07 	 SUCCESS=> Packet: 2015-07-16 00:41:42

2015-07-16 00:42:52 	 SUCCESS=> Packet: 2015-07-16 00:42:27

2015-07-16 00:43:43 	 SUCCESS=> Packet: 2015-07-16 00:43:13

2015-07-16 00:44:28 	 SUCCESS=> Packet: 2015-07-16 00:44:04

2015-07-16 00:45:16 	 SUCCESS=> Packet: 2015-07-16 00:44:49

2015-07-16 00:46:02 	 SUCCESS=> Packet: 2015-07-16 00:45:37

2015-07-16 00:46:50 	 SUCCESS=> Packet: 2015-07-16 00:46:23

2015-07-16 00:47:35 	 SUCCESS=> Packet: 2015-07-16 00:47:10

2015-07-16 00:48:21 	 SUCCESS=> Packet: 2015-07-16 00:47:56

2015-07-16 00:49:06 	 SUCCESS=> Packet: 2015-07-16 00:48:42

2015-07-16 00:49:52 	 SUCCESS=> Packet: 2015-07-16 00:49:27

2015-07-16 00:50:38 	 SUCCESS=> Packet: 2015-07-16 00:50:13

2015-07-16 00:51:24 	 SUCCESS=> Packet: 2015-07-16 00:50:59

2015-07-16 00:52:07 	 SUCCESS=> Packet: 2015-07-16 00:51:45

2015-07-16 00:52:51 	 SUCCESS=> Packet: 2015-07-16 00:52:28

2015-07-16 00:53:37 	 SUCCESS=> Packet: 2015-07-16 00:53:12

2015-07-16 00:54:22 	 SUCCESS=> Packet: 2015-07-16 00:53:58

2015-07-16 00:55:10 	 SUCCESS=> Packet: 2015-07-16 00:54:43

2015-07-16 00:55:56 	 SUCCESS=> Packet: 2015-07-16 00:55:31

2015-07-16 00:56:40 	 SUCCESS=> Packet: 2015-07-16 00:56:17

2015-07-16 00:57:25 	 SUCCESS=> Packet: 2015-07-16 00:57:01

2015-07-16 00:58:09 	 SUCCESS=> Packet: 2015-07-16 00:57:46

2015-07-16 00:58:52 	 SUCCESS=> Packet: 2015-07-16 00:58:29

2015-07-16 00:59:36 	 SUCCESS=> Packet: 2015-07-16 00:59:13

2015-07-16 01:00:20 	 SUCCESS=> Packet: 2015-07-16 00:59:57

2015-07-16 01:01:04 	 SUCCESS=> Packet: 2015-07-16 01:00:41

2015-07-16 01:01:49 	 SUCCESS=> Packet: 2015-07-16 01:01:24

2015-07-16 01:02:35 	 SUCCESS=> Packet: 2015-07-16 01:02:10

2015-07-16 01:03:20 	 SUCCESS=> Packet: 2015-07-16 01:02:55

2015-07-16 01:04:06 	 SUCCESS=> Packet: 2015-07-16 01:03:41

2015-07-16 01:04:50 	 SUCCESS=> Packet: 2015-07-16 01:04:27

2015-07-16 01:05:34 	 SUCCESS=> Packet: 2015-07-16 01:05:10

2015-07-16 01:06:19 	 SUCCESS=> Packet: 2015-07-16 01:05:55

2015-07-16 01:07:07 	 SUCCESS=> Packet: 2015-07-16 01:06:40

2015-07-16 01:07:51 	 SUCCESS=> Packet: 2015-07-16 01:07:28

2015-07-16 01:08:36 	 SUCCESS=> Packet: 2015-07-16 01:08:12

2015-07-16 01:09:22 	 SUCCESS=> Packet: 2015-07-16 01:08:57

2015-07-16 01:10:05 	 SUCCESS=> Packet: 2015-07-16 01:09:43

2015-07-16 01:10:50 	 SUCCESS=> Packet: 2015-07-16 01:10:26

2015-07-16 01:11:35 	 SUCCESS=> Packet: 2015-07-16 01:11:11

2015-07-16 01:12:19 	 SUCCESS=> Packet: 2015-07-16 01:11:56

2015-07-16 01:13:05 	 SUCCESS=> Packet: 2015-07-16 01:12:40

2015-07-16 01:13:50 	 SUCCESS=> Packet: 2015-07-16 01:13:25

2015-07-16 01:14:36 	 SUCCESS=> Packet: 2015-07-16 01:14:11

2015-07-16 01:15:22 	 SUCCESS=> Packet: 2015-07-16 01:14:57

2015-07-16 01:16:09 	 SUCCESS=> Packet: 2015-07-16 01:15:42

2015-07-16 01:16:57 	 SUCCESS=> Packet: 2015-07-16 01:16:30

2015-07-16 01:17:41 	 SUCCESS=> Packet: 2015-07-16 01:17:18

2015-07-16 01:18:25 	 SUCCESS=> Packet: 2015-07-16 01:18:02

2015-07-16 01:19:10 	 SUCCESS=> Packet: 2015-07-16 01:18:46

2015-07-16 01:19:58 	 SUCCESS=> Packet: 2015-07-16 01:19:31

2015-07-16 01:20:42 	 SUCCESS=> Packet: 2015-07-16 01:20:19

2015-07-16 01:21:27 	 SUCCESS=> Packet: 2015-07-16 01:21:02

2015-07-16 01:22:15 	 SUCCESS=> Packet: 2015-07-16 01:21:48

2015-07-16 01:23:01 	 SUCCESS=> Packet: 2015-07-16 01:22:36

2015-07-16 01:23:44 	 SUCCESS=> Packet: 2015-07-16 01:23:21

2015-07-16 01:24:29 	 SUCCESS=> Packet: 2015-07-16 01:24:05

2015-07-16 01:25:15 	 SUCCESS=> Packet: 2015-07-16 01:24:50

2015-07-16 01:26:01 	 SUCCESS=> Packet: 2015-07-16 01:25:36

2015-07-16 01:26:46 	 SUCCESS=> Packet: 2015-07-16 01:26:22

2015-07-16 01:27:32 	 SUCCESS=> Packet: 2015-07-16 01:27:07

2015-07-16 01:28:18 	 SUCCESS=> Packet: 2015-07-16 01:27:53

2015-07-16 01:29:02 	 SUCCESS=> Packet: 2015-07-16 01:28:39

2015-07-16 01:29:46 	 SUCCESS=> Packet: 2015-07-16 01:29:23

2015-07-16 01:30:32 	 SUCCESS=> Packet: 2015-07-16 01:30:07

2015-07-16 01:31:19 	 SUCCESS=> Packet: 2015-07-16 01:30:53

2015-07-16 01:32:05 	 SUCCESS=> Packet: 2015-07-16 01:31:40

2015-07-16 01:32:53 	 SUCCESS=> Packet: 2015-07-16 01:32:26

2015-07-16 01:33:36 	 SUCCESS=> Packet: 2015-07-16 01:33:14

2015-07-16 01:34:22 	 SUCCESS=> Packet: 2015-07-16 01:33:57

2015-07-16 01:35:08 	 SUCCESS=> Packet: 2015-07-16 01:34:43

2015-07-16 01:35:54 	 SUCCESS=> Packet: 2015-07-16 01:35:28

2015-07-16 01:36:39 	 SUCCESS=> Packet: 2015-07-16 01:36:15

2015-07-16 01:37:23 	 SUCCESS=> Packet: 2015-07-16 01:37:00

2015-07-16 01:38:09 	 SUCCESS=> Packet: 2015-07-16 01:37:44

2015-07-16 01:38:54 	 SUCCESS=> Packet: 2015-07-16 01:38:30

2015-07-16 01:39:42 	 SUCCESS=> Packet: 2015-07-16 01:39:15

2015-07-16 01:40:26 	 SUCCESS=> Packet: 2015-07-16 01:40:03

2015-07-16 01:41:11 	 SUCCESS=> Packet: 2015-07-16 01:40:47

2015-07-16 01:42:11 	 FAILED=> Packet: 2015-07-16 01:41:32

2015-07-16 01:42:58 	 SUCCESS=> Packet: 2015-07-16 01:42:32

2015-07-16 01:43:46 	 SUCCESS=> Packet: 2015-07-16 01:43:19

2015-07-16 01:44:33 	 SUCCESS=> Packet: 2015-07-16 01:44:07

2015-07-16 01:45:17 	 SUCCESS=> Packet: 2015-07-16 01:44:54

2015-07-16 01:46:03 	 SUCCESS=> Packet: 2015-07-16 01:45:38

2015-07-16 01:46:47 	 SUCCESS=> Packet: 2015-07-16 01:46:24

2015-07-16 01:47:35 	 SUCCESS=> Packet: 2015-07-16 01:47:08

2015-07-16 01:48:20 	 SUCCESS=> Packet: 2015-07-16 01:47:55

2015-07-16 01:49:06 	 SUCCESS=> Packet: 2015-07-16 01:48:41

2015-07-16 01:50:06 	 Returned "Other" status,packet: 2015-07-16 01:49:27

2015-07-16 01:50:59 	 SUCCESS=> Packet: 2015-07-16 01:50:34

2015-07-16 01:51:44 	 SUCCESS=> Packet: 2015-07-16 01:51:19

2015-07-16 01:52:28 	 SUCCESS=> Packet: 2015-07-16 01:52:05

2015-07-16 01:53:12 	 SUCCESS=> Packet: 2015-07-16 01:52:49

2015-07-16 01:53:57 	 SUCCESS=> Packet: 2015-07-16 01:53:33

2015-07-16 01:54:41 	 SUCCESS=> Packet: 2015-07-16 01:54:18

2015-07-16 01:55:26 	 SUCCESS=> Packet: 2015-07-16 01:55:02

2015-07-16 01:56:12 	 SUCCESS=> Packet: 2015-07-16 01:55:47

2015-07-16 01:56:59 	 SUCCESS=> Packet: 2015-07-16 01:56:32

2015-07-16 01:57:45 	 SUCCESS=> Packet: 2015-07-16 01:57:20

2015-07-16 01:58:29 	 SUCCESS=> Packet: 2015-07-16 01:58:06

2015-07-16 01:59:14 	 SUCCESS=> Packet: 2015-07-16 01:58:50

2015-07-16 02:00:00 	 SUCCESS=> Packet: 2015-07-16 01:59:35

2015-07-16 02:00:47 	 SUCCESS=> Packet: 2015-07-16 02:00:21

2015-07-16 02:01:32 	 SUCCESS=> Packet: 2015-07-16 02:01:08

2015-07-16 02:02:16 	 SUCCESS=> Packet: 2015-07-16 02:01:53

2015-07-16 02:03:02 	 SUCCESS=> Packet: 2015-07-16 02:02:37

2015-07-16 02:03:48 	 SUCCESS=> Packet: 2015-07-16 02:03:23

2015-07-16 02:04:32 	 SUCCESS=> Packet: 2015-07-16 02:04:09

2015-07-16 02:05:18 	 SUCCESS=> Packet: 2015-07-16 02:04:53

2015-07-16 02:06:04 	 SUCCESS=> Packet: 2015-07-16 02:05:39

2015-07-16 02:06:50 	 SUCCESS=> Packet: 2015-07-16 02:06:25

2015-07-16 02:07:35 	 SUCCESS=> Packet: 2015-07-16 02:07:11

2015-07-16 02:08:20 	 SUCCESS=> Packet: 2015-07-16 02:07:56

2015-07-16 02:09:06 	 SUCCESS=> Packet: 2015-07-16 02:08:41

2015-07-16 02:09:52 	 SUCCESS=> Packet: 2015-07-16 02:09:27

2015-07-16 02:10:37 	 SUCCESS=> Packet: 2015-07-16 02:10:13

2015-07-16 02:11:23 	 SUCCESS=> Packet: 2015-07-16 02:10:58

2015-07-16 02:12:07 	 SUCCESS=> Packet: 2015-07-16 02:11:44

2015-07-16 02:12:52 	 SUCCESS=> Packet: 2015-07-16 02:12:27

2015-07-16 02:13:38 	 SUCCESS=> Packet: 2015-07-16 02:13:13

2015-07-16 02:14:25 	 SUCCESS=> Packet: 2015-07-16 02:13:59

2015-07-16 02:15:11 	 SUCCESS=> Packet: 2015-07-16 02:14:46

2015-07-16 02:15:57 	 SUCCESS=> Packet: 2015-07-16 02:15:32

2015-07-16 02:16:40 	 SUCCESS=> Packet: 2015-07-16 02:16:18

2015-07-16 02:17:24 	 SUCCESS=> Packet: 2015-07-16 02:17:01

2015-07-16 02:18:08 	 SUCCESS=> Packet: 2015-07-16 02:17:45

2015-07-16 02:18:54 	 SUCCESS=> Packet: 2015-07-16 02:18:29

2015-07-16 02:19:39 	 SUCCESS=> Packet: 2015-07-16 02:19:15

2015-07-16 02:20:23 	 SUCCESS=> Packet: 2015-07-16 02:20:00

2015-07-16 02:21:08 	 SUCCESS=> Packet: 2015-07-16 02:20:44

2015-07-16 02:21:50 	 Returned "Other" status,packet: 2015-07-16 02:21:29

2015-07-16 02:22:52 	 SUCCESS=> Packet: 2015-07-16 02:22:27

2015-07-16 02:23:45 	 SUCCESS=> Packet: 2015-07-16 02:23:20

2015-07-16 02:24:53 	 FAILED=> Packet: 2015-07-16 02:24:05

2015-07-16 02:26:21 	 FAILED=> Packet: 2015-07-16 02:25:30

2015-07-16 02:27:21 	 SUCCESS=> Packet: 2015-07-16 02:26:58

2015-07-16 02:28:10 	 FAILED=> Packet: 2015-07-16 02:27:42

2015-07-16 02:29:18 	 FAILED=> Packet: 2015-07-16 02:28:48

2015-07-16 02:30:22 	 SUCCESS=> Packet: 2015-07-16 02:29:57

2015-07-16 02:31:23 	 SUCCESS=> Packet: 2015-07-16 02:30:58

2015-07-16 02:32:06 	 SUCCESS=> Packet: 2015-07-16 02:31:43

2015-07-16 02:32:52 	 SUCCESS=> Packet: 2015-07-16 02:32:27

2015-07-16 02:33:38 	 SUCCESS=> Packet: 2015-07-16 02:33:13

2015-07-16 02:34:21 	 SUCCESS=> Packet: 2015-07-16 02:33:58

2015-07-16 02:35:07 	 SUCCESS=> Packet: 2015-07-16 02:34:42

2015-07-16 02:35:53 	 SUCCESS=> Packet: 2015-07-16 02:35:28

2015-07-16 02:36:41 	 SUCCESS=> Packet: 2015-07-16 02:36:14

2015-07-16 02:37:24 	 SUCCESS=> Packet: 2015-07-16 02:37:01

2015-07-16 02:38:10 	 SUCCESS=> Packet: 2015-07-16 02:37:45

2015-07-16 02:38:56 	 SUCCESS=> Packet: 2015-07-16 02:38:31

2015-07-16 02:39:39 	 SUCCESS=> Packet: 2015-07-16 02:39:17

2015-07-16 02:40:28 	 Returned "Other" status,packet: 2015-07-16 02:40:00

2015-07-16 02:41:28 	 SUCCESS=> Packet: 2015-07-16 02:41:05

2015-07-16 02:42:16 	 SUCCESS=> Packet: 2015-07-16 02:41:49

2015-07-16 02:43:01 	 SUCCESS=> Packet: 2015-07-16 02:42:37

2015-07-16 02:43:45 	 SUCCESS=> Packet: 2015-07-16 02:43:22

2015-07-16 02:44:32 	 SUCCESS=> Packet: 2015-07-16 02:44:06

2015-07-16 02:45:21 	 FAILED=> Packet: 2015-07-16 02:44:53

2015-07-16 02:46:28 	 FAILED=> Packet: 2015-07-16 02:46:00

2015-07-16 02:47:31 	 FAILED=> Packet: 2015-07-16 02:47:05

2015-07-16 02:48:37 	 FAILED=> Packet: 2015-07-16 02:48:09

2015-07-16 02:49:44 	 Returned "Other" status,packet: 2015-07-16 02:49:15

2015-07-16 02:50:50 	 FAILED=> Packet: 2015-07-16 02:50:21

2015-07-16 02:51:54 	 Returned "Other" status,packet: 2015-07-16 02:51:28

2015-07-16 02:52:54 	 SUCCESS=> Packet: 2015-07-16 02:52:31

2015-07-16 02:54:13 	 SUCCESS=> Packet: 2015-07-16 02:53:50

2015-07-16 02:55:12 	 SUCCESS=> Packet: 2015-07-16 02:54:51

2015-07-16 02:56:36 	 FAILED=> Packet: 2015-07-16 02:56:08

2015-07-16 02:57:42 	 FAILED=> Packet: 2015-07-16 02:57:14

2015-07-16 02:59:08 	 FAILED=> Packet: 2015-07-16 02:58:40

2015-07-16 03:00:29 	 SUCCESS=> Packet: 2015-07-16 03:00:04

2015-07-16 03:01:33 	 SUCCESS=> Packet: 2015-07-16 03:01:07

2015-07-16 03:02:18 	 SUCCESS=> Packet: 2015-07-16 03:01:54

2015-07-16 03:03:09 	 SUCCESS=> Packet: 2015-07-16 03:02:46

2015-07-16 03:03:55 	 SUCCESS=> Packet: 2015-07-16 03:03:29

2015-07-16 03:04:40 	 SUCCESS=> Packet: 2015-07-16 03:04:15

2015-07-16 03:05:24 	 SUCCESS=> Packet: 2015-07-16 03:05:01

2015-07-16 03:06:10 	 SUCCESS=> Packet: 2015-07-16 03:05:45

2015-07-16 03:06:54 	 SUCCESS=> Packet: 2015-07-16 03:06:31

2015-07-16 03:07:39 	 SUCCESS=> Packet: 2015-07-16 03:07:14

2015-07-16 03:08:25 	 SUCCESS=> Packet: 2015-07-16 03:08:00

2015-07-16 03:09:11 	 SUCCESS=> Packet: 2015-07-16 03:08:46

2015-07-16 03:09:54 	 SUCCESS=> Packet: 2015-07-16 03:09:32

2015-07-16 03:10:40 	 SUCCESS=> Packet: 2015-07-16 03:10:15

2015-07-16 03:11:25 	 SUCCESS=> Packet: 2015-07-16 03:11:01

2015-07-16 03:12:11 	 SUCCESS=> Packet: 2015-07-16 03:11:46

2015-07-16 03:12:55 	 SUCCESS=> Packet: 2015-07-16 03:12:32

2015-07-16 03:13:39 	 SUCCESS=> Packet: 2015-07-16 03:13:16

2015-07-16 03:14:22 	 SUCCESS=> Packet: 2015-07-16 03:13:59

2015-07-16 03:15:08 	 SUCCESS=> Packet: 2015-07-16 03:14:43

2015-07-16 03:15:56 	 SUCCESS=> Packet: 2015-07-16 03:15:29

2015-07-16 03:16:41 	 SUCCESS=> Packet: 2015-07-16 03:16:16

2015-07-16 03:17:27 	 SUCCESS=> Packet: 2015-07-16 03:17:02

2015-07-16 03:18:13 	 SUCCESS=> Packet: 2015-07-16 03:17:48

2015-07-16 03:18:58 	 SUCCESS=> Packet: 2015-07-16 03:18:34

2015-07-16 03:20:07 	 FAILED=> Packet: 2015-07-16 03:19:19

2015-07-16 03:21:10 	 SUCCESS=> Packet: 2015-07-16 03:20:44

2015-07-16 03:21:53 	 SUCCESS=> Packet: 2015-07-16 03:21:30

2015-07-16 03:23:07 	 FAILED=> Packet: 2015-07-16 03:22:14

2015-07-16 03:24:11 	 SUCCESS=> Packet: 2015-07-16 03:23:44

2015-07-16 03:25:03 	 SUCCESS=> Packet: 2015-07-16 03:24:38

2015-07-16 03:25:49 	 SUCCESS=> Packet: 2015-07-16 03:25:24

2015-07-16 03:26:43 	 SUCCESS=> Packet: 2015-07-16 03:26:10

2015-07-16 03:27:28 	 SUCCESS=> Packet: 2015-07-16 03:27:04

2015-07-16 03:28:12 	 SUCCESS=> Packet: 2015-07-16 03:27:49

2015-07-16 03:28:58 	 SUCCESS=> Packet: 2015-07-16 03:28:33

2015-07-16 03:29:41 	 SUCCESS=> Packet: 2015-07-16 03:29:18

2015-07-16 03:30:39 	 SUCCESS=> Packet: 2015-07-16 03:30:02

2015-07-16 03:31:25 	 SUCCESS=> Packet: 2015-07-16 03:31:00

2015-07-16 03:32:10 	 SUCCESS=> Packet: 2015-07-16 03:31:46

2015-07-16 03:32:54 	 SUCCESS=> Packet: 2015-07-16 03:32:31

2015-07-16 03:33:40 	 SUCCESS=> Packet: 2015-07-16 03:33:15

2015-07-16 03:34:22 	 SUCCESS=> Packet: 2015-07-16 03:34:01

2015-07-16 03:35:14 	 SUCCESS=> Packet: 2015-07-16 03:34:43

2015-07-16 03:36:28 	 FAILED=> Packet: 2015-07-16 03:35:35

2015-07-16 03:37:56 	 FAILED=> Packet: 2015-07-16 03:37:06

2015-07-16 03:38:58 	 SUCCESS=> Packet: 2015-07-16 03:38:34

2015-07-16 03:39:53 	 SUCCESS=> Packet: 2015-07-16 03:39:26

2015-07-16 03:40:38 	 SUCCESS=> Packet: 2015-07-16 03:40:13

2015-07-16 03:41:22 	 SUCCESS=> Packet: 2015-07-16 03:40:59

2015-07-16 03:42:07 	 SUCCESS=> Packet: 2015-07-16 03:41:43

2015-07-16 03:42:53 	 SUCCESS=> Packet: 2015-07-16 03:42:28

2015-07-16 03:43:37 	 SUCCESS=> Packet: 2015-07-16 03:43:14

2015-07-16 03:44:24 	 SUCCESS=> Packet: 2015-07-16 03:43:58

2015-07-16 03:45:10 	 SUCCESS=> Packet: 2015-07-16 03:44:45

2015-07-16 03:45:54 	 SUCCESS=> Packet: 2015-07-16 03:45:31

2015-07-16 03:46:39 	 SUCCESS=> Packet: 2015-07-16 03:46:14

2015-07-16 03:47:24 	 SUCCESS=> Packet: 2015-07-16 03:47:00

2015-07-16 03:48:10 	 SUCCESS=> Packet: 2015-07-16 03:47:45

2015-07-16 03:48:55 	 SUCCESS=> Packet: 2015-07-16 03:48:31

2015-07-16 03:49:39 	 SUCCESS=> Packet: 2015-07-16 03:49:16

2015-07-16 03:50:25 	 SUCCESS=> Packet: 2015-07-16 03:50:00

2015-07-16 03:51:09 	 SUCCESS=> Packet: 2015-07-16 03:50:46

2015-07-16 03:51:54 	 SUCCESS=> Packet: 2015-07-16 03:51:29

2015-07-16 03:52:40 	 SUCCESS=> Packet: 2015-07-16 03:52:15

2015-07-16 03:53:26 	 SUCCESS=> Packet: 2015-07-16 03:53:00

2015-07-16 03:54:12 	 SUCCESS=> Packet: 2015-07-16 03:53:47

2015-07-16 03:54:56 	 SUCCESS=> Packet: 2015-07-16 03:54:33

2015-07-16 03:55:41 	 SUCCESS=> Packet: 2015-07-16 03:55:17

2015-07-16 03:56:25 	 SUCCESS=> Packet: 2015-07-16 03:56:02

2015-07-16 03:57:11 	 SUCCESS=> Packet: 2015-07-16 03:56:46

2015-07-16 03:57:56 	 SUCCESS=> Packet: 2015-07-16 03:57:32

2015-07-16 03:58:40 	 SUCCESS=> Packet: 2015-07-16 03:58:17

2015-07-16 03:59:24 	 SUCCESS=> Packet: 2015-07-16 03:59:01

2015-07-16 04:00:09 	 SUCCESS=> Packet: 2015-07-16 03:59:45

2015-07-16 04:00:53 	 SUCCESS=> Packet: 2015-07-16 04:00:30

2015-07-16 04:01:41 	 SUCCESS=> Packet: 2015-07-16 04:01:14

2015-07-16 04:02:24 	 SUCCESS=> Packet: 2015-07-16 04:02:02

2015-07-16 04:03:10 	 SUCCESS=> Packet: 2015-07-16 04:02:45

2015-07-16 04:03:56 	 SUCCESS=> Packet: 2015-07-16 04:03:31

2015-07-16 04:04:40 	 SUCCESS=> Packet: 2015-07-16 04:04:17

2015-07-16 04:05:23 	 SUCCESS=> Packet: 2015-07-16 04:05:00

2015-07-16 04:06:09 	 SUCCESS=> Packet: 2015-07-16 04:05:44

2015-07-16 04:06:54 	 SUCCESS=> Packet: 2015-07-16 04:06:30

2015-07-16 04:07:40 	 SUCCESS=> Packet: 2015-07-16 04:07:15

2015-07-16 04:08:25 	 SUCCESS=> Packet: 2015-07-16 04:08:01

2015-07-16 04:09:08 	 SUCCESS=> Packet: 2015-07-16 04:08:46

2015-07-16 04:09:52 	 SUCCESS=> Packet: 2015-07-16 04:09:29

2015-07-16 04:10:38 	 SUCCESS=> Packet: 2015-07-16 04:10:13

2015-07-16 04:11:24 	 SUCCESS=> Packet: 2015-07-16 04:10:59

2015-07-16 04:12:11 	 SUCCESS=> Packet: 2015-07-16 04:11:44

2015-07-16 04:13:01 	 SUCCESS=> Packet: 2015-07-16 04:12:32

2015-07-16 04:13:50 	 FAILED=> Packet: 2015-07-16 04:13:22

2015-07-16 04:14:49 	 SUCCESS=> Packet: 2015-07-16 04:14:28

2015-07-16 04:15:34 	 SUCCESS=> Packet: 2015-07-16 04:15:09

2015-07-16 04:16:18 	 SUCCESS=> Packet: 2015-07-16 04:15:55

2015-07-16 04:17:03 	 SUCCESS=> Packet: 2015-07-16 04:16:39

2015-07-16 04:17:49 	 SUCCESS=> Packet: 2015-07-16 04:17:24

2015-07-16 04:18:38 	 FAILED=> Packet: 2015-07-16 04:18:10

2015-07-16 04:20:04 	 FAILED=> Packet: 2015-07-16 04:19:33

2015-07-16 04:20:56 	 SUCCESS=> Packet: 2015-07-16 04:20:31

2015-07-16 04:21:49 	 SUCCESS=> Packet: 2015-07-16 04:21:24

2015-07-16 04:22:32 	 SUCCESS=> Packet: 2015-07-16 04:22:09

2015-07-16 04:23:17 	 SUCCESS=> Packet: 2015-07-16 04:22:53

2015-07-16 04:24:03 	 SUCCESS=> Packet: 2015-07-16 04:23:38

2015-07-16 04:24:48 	 SUCCESS=> Packet: 2015-07-16 04:24:24

2015-07-16 04:25:36 	 SUCCESS=> Packet: 2015-07-16 04:25:09

2015-07-16 04:26:21 	 SUCCESS=> Packet: 2015-07-16 04:25:57

2015-07-16 04:27:07 	 SUCCESS=> Packet: 2015-07-16 04:26:42

2015-07-16 04:27:53 	 SUCCESS=> Packet: 2015-07-16 04:27:28

2015-07-16 04:28:38 	 SUCCESS=> Packet: 2015-07-16 04:28:13

2015-07-16 04:29:24 	 SUCCESS=> Packet: 2015-07-16 04:28:59

2015-07-16 04:30:10 	 SUCCESS=> Packet: 2015-07-16 04:29:45

2015-07-16 04:30:54 	 SUCCESS=> Packet: 2015-07-16 04:30:31

2015-07-16 04:31:37 	 SUCCESS=> Packet: 2015-07-16 04:31:15

2015-07-16 04:32:21 	 SUCCESS=> Packet: 2015-07-16 04:31:58

2015-07-16 04:33:07 	 SUCCESS=> Packet: 2015-07-16 04:32:42

2015-07-16 04:33:52 	 SUCCESS=> Packet: 2015-07-16 04:33:27

2015-07-16 04:34:38 	 SUCCESS=> Packet: 2015-07-16 04:34:13

2015-07-16 04:35:22 	 SUCCESS=> Packet: 2015-07-16 04:34:59

2015-07-16 04:36:05 	 SUCCESS=> Packet: 2015-07-16 04:35:43

2015-07-16 04:36:53 	 SUCCESS=> Packet: 2015-07-16 04:36:26

2015-07-16 04:37:37 	 SUCCESS=> Packet: 2015-07-16 04:37:14

2015-07-16 04:38:23 	 SUCCESS=> Packet: 2015-07-16 04:37:58

2015-07-16 04:39:08 	 SUCCESS=> Packet: 2015-07-16 04:38:44

2015-07-16 04:39:53 	 SUCCESS=> Packet: 2015-07-16 04:39:29

2015-07-16 04:40:39 	 SUCCESS=> Packet: 2015-07-16 04:40:14

2015-07-16 04:41:27 	 SUCCESS=> Packet: 2015-07-16 04:41:00

2015-07-16 04:42:12 	 SUCCESS=> Packet: 2015-07-16 04:41:48

2015-07-16 04:42:55 	 SUCCESS=> Packet: 2015-07-16 04:42:32

2015-07-16 04:43:39 	 SUCCESS=> Packet: 2015-07-16 04:43:16

2015-07-16 04:44:25 	 SUCCESS=> Packet: 2015-07-16 04:44:00

2015-07-16 04:45:10 	 SUCCESS=> Packet: 2015-07-16 04:44:45

2015-07-16 04:45:56 	 SUCCESS=> Packet: 2015-07-16 04:45:31

2015-07-16 04:46:41 	 SUCCESS=> Packet: 2015-07-16 04:46:16

2015-07-16 04:47:26 	 SUCCESS=> Packet: 2015-07-16 04:47:02

2015-07-16 04:48:10 	 SUCCESS=> Packet: 2015-07-16 04:47:47

2015-07-16 04:48:54 	 SUCCESS=> Packet: 2015-07-16 04:48:31

2015-07-16 04:49:40 	 SUCCESS=> Packet: 2015-07-16 04:49:15

2015-07-16 04:50:23 	 SUCCESS=> Packet: 2015-07-16 04:50:01

2015-07-16 04:51:11 	 SUCCESS=> Packet: 2015-07-16 04:50:44

2015-07-16 04:51:55 	 SUCCESS=> Packet: 2015-07-16 04:51:32

2015-07-16 04:52:38 	 SUCCESS=> Packet: 2015-07-16 04:52:16

2015-07-16 04:53:24 	 SUCCESS=> Packet: 2015-07-16 04:52:59

2015-07-16 04:54:10 	 SUCCESS=> Packet: 2015-07-16 04:53:45

2015-07-16 04:54:55 	 SUCCESS=> Packet: 2015-07-16 04:54:30

2015-07-16 04:55:39 	 SUCCESS=> Packet: 2015-07-16 04:55:16

2015-07-16 04:56:24 	 SUCCESS=> Packet: 2015-07-16 04:56:00

2015-07-16 04:57:10 	 SUCCESS=> Packet: 2015-07-16 04:56:45

2015-07-16 04:57:56 	 SUCCESS=> Packet: 2015-07-16 04:57:31

2015-07-16 04:58:41 	 SUCCESS=> Packet: 2015-07-16 04:58:17

2015-07-16 04:59:27 	 SUCCESS=> Packet: 2015-07-16 04:59:02

2015-07-16 05:00:13 	 SUCCESS=> Packet: 2015-07-16 04:59:48

2015-07-16 05:01:01 	 SUCCESS=> Packet: 2015-07-16 05:00:33

2015-07-16 05:01:44 	 SUCCESS=> Packet: 2015-07-16 05:01:22

2015-07-16 05:02:30 	 SUCCESS=> Packet: 2015-07-16 05:02:05

2015-07-16 05:03:16 	 SUCCESS=> Packet: 2015-07-16 05:02:51

2015-07-16 05:04:00 	 SUCCESS=> Packet: 2015-07-16 05:03:37

2015-07-16 05:04:44 	 SUCCESS=> Packet: 2015-07-16 05:04:21

2015-07-16 05:05:32 	 SUCCESS=> Packet: 2015-07-16 05:05:04

2015-07-16 05:06:17 	 SUCCESS=> Packet: 2015-07-16 05:05:52

2015-07-16 05:07:03 	 SUCCESS=> Packet: 2015-07-16 05:06:38

2015-07-16 05:07:47 	 SUCCESS=> Packet: 2015-07-16 05:07:24

2015-07-16 05:08:33 	 SUCCESS=> Packet: 2015-07-16 05:08:08

2015-07-16 05:09:17 	 SUCCESS=> Packet: 2015-07-16 05:08:53

2015-07-16 05:10:06 	 Returned "Other" status,packet: 2015-07-16 05:09:38

2015-07-16 05:11:05 	 SUCCESS=> Packet: 2015-07-16 05:10:44

2015-07-16 05:11:50 	 SUCCESS=> Packet: 2015-07-16 05:11:25

2015-07-16 05:12:34 	 SUCCESS=> Packet: 2015-07-16 05:12:11

2015-07-16 05:13:19 	 SUCCESS=> Packet: 2015-07-16 05:12:54

2015-07-16 05:14:04 	 SUCCESS=> Packet: 2015-07-16 05:13:39

2015-07-16 05:14:53 	 FAILED=> Packet: 2015-07-16 05:14:25

2015-07-16 05:16:19 	 FAILED=> Packet: 2015-07-16 05:15:49

2015-07-16 05:17:42 	 FAILED=> Packet: 2015-07-16 05:17:14

2015-07-16 05:18:48 	 FAILED=> Packet: 2015-07-16 05:18:20

2015-07-16 05:19:54 	 FAILED=> Packet: 2015-07-16 05:19:26

2015-07-16 05:20:57 	 SUCCESS=> Packet: 2015-07-16 05:20:35

2015-07-16 05:21:56 	 SUCCESS=> Packet: 2015-07-16 05:21:33

2015-07-16 05:22:44 	 SUCCESS=> Packet: 2015-07-16 05:22:17

2015-07-16 05:23:27 	 SUCCESS=> Packet: 2015-07-16 05:23:05

2015-07-16 05:24:13 	 SUCCESS=> Packet: 2015-07-16 05:23:48

2015-07-16 05:24:59 	 SUCCESS=> Packet: 2015-07-16 05:24:34

2015-07-16 05:25:43 	 SUCCESS=> Packet: 2015-07-16 05:25:20

2015-07-16 05:26:27 	 SUCCESS=> Packet: 2015-07-16 05:26:04

2015-07-16 05:27:16 	 SUCCESS=> Packet: 2015-07-16 05:26:48

2015-07-16 05:27:59 	 SUCCESS=> Packet: 2015-07-16 05:27:36

2015-07-16 05:28:43 	 SUCCESS=> Packet: 2015-07-16 05:28:20

2015-07-16 05:29:27 	 SUCCESS=> Packet: 2015-07-16 05:29:04

2015-07-16 05:30:12 	 SUCCESS=> Packet: 2015-07-16 05:29:48

2015-07-16 05:30:57 	 SUCCESS=> Packet: 2015-07-16 05:30:33

2015-07-16 05:31:41 	 SUCCESS=> Packet: 2015-07-16 05:31:18

2015-07-16 05:32:27 	 SUCCESS=> Packet: 2015-07-16 05:32:02

2015-07-16 05:33:14 	 SUCCESS=> Packet: 2015-07-16 05:32:48

2015-07-16 05:33:58 	 SUCCESS=> Packet: 2015-07-16 05:33:35

2015-07-16 05:34:43 	 SUCCESS=> Packet: 2015-07-16 05:34:19

2015-07-16 05:35:31 	 SUCCESS=> Packet: 2015-07-16 05:35:04

2015-07-16 05:36:15 	 SUCCESS=> Packet: 2015-07-16 05:35:52

2015-07-16 05:37:00 	 SUCCESS=> Packet: 2015-07-16 05:36:36

2015-07-16 05:37:46 	 SUCCESS=> Packet: 2015-07-16 05:37:21

2015-07-16 05:38:32 	 SUCCESS=> Packet: 2015-07-16 05:38:07

2015-07-16 05:39:18 	 SUCCESS=> Packet: 2015-07-16 05:38:53

2015-07-16 05:40:06 	 Returned "Other" status,packet: 2015-07-16 05:39:39

2015-07-16 05:40:59 	 SUCCESS=> Packet: 2015-07-16 05:40:34

2015-07-16 05:41:45 	 SUCCESS=> Packet: 2015-07-16 05:41:20

2015-07-16 05:42:28 	 SUCCESS=> Packet: 2015-07-16 05:42:06

2015-07-16 05:43:14 	 SUCCESS=> Packet: 2015-07-16 05:42:49

2015-07-16 05:43:58 	 SUCCESS=> Packet: 2015-07-16 05:43:35

2015-07-16 05:44:43 	 SUCCESS=> Packet: 2015-07-16 05:44:19

2015-07-16 05:45:29 	 SUCCESS=> Packet: 2015-07-16 05:45:04

2015-07-16 05:46:17 	 SUCCESS=> Packet: 2015-07-16 05:45:50

2015-07-16 05:47:03 	 SUCCESS=> Packet: 2015-07-16 05:46:38

2015-07-16 05:47:51 	 SUCCESS=> Packet: 2015-07-16 05:47:24

2015-07-16 05:48:36 	 SUCCESS=> Packet: 2015-07-16 05:48:11

2015-07-16 05:49:21 	 SUCCESS=> Packet: 2015-07-16 05:48:57

2015-07-16 05:50:09 	 SUCCESS=> Packet: 2015-07-16 05:49:42

2015-07-16 05:50:54 	 SUCCESS=> Packet: 2015-07-16 05:50:30

2015-07-16 05:51:42 	 SUCCESS=> Packet: 2015-07-16 05:51:15

2015-07-16 05:52:28 	 SUCCESS=> Packet: 2015-07-16 05:52:03

2015-07-16 05:53:12 	 SUCCESS=> Packet: 2015-07-16 05:52:49

2015-07-16 05:53:57 	 SUCCESS=> Packet: 2015-07-16 05:53:33

2015-07-16 05:54:43 	 SUCCESS=> Packet: 2015-07-16 05:54:18

2015-07-16 05:55:28 	 SUCCESS=> Packet: 2015-07-16 05:55:04

2015-07-16 05:56:14 	 SUCCESS=> Packet: 2015-07-16 05:55:49

2015-07-16 05:57:00 	 SUCCESS=> Packet: 2015-07-16 05:56:35

2015-07-16 05:57:45 	 SUCCESS=> Packet: 2015-07-16 05:57:21

2015-07-16 05:58:29 	 SUCCESS=> Packet: 2015-07-16 05:58:06

2015-07-16 05:59:15 	 SUCCESS=> Packet: 2015-07-16 05:58:50

2015-07-16 05:59:58 	 SUCCESS=> Packet: 2015-07-16 05:59:36

2015-07-16 06:00:45 	 SUCCESS=> Packet: 2015-07-16 06:00:19

2015-07-16 06:01:30 	 SUCCESS=> Packet: 2015-07-16 06:01:06

2015-07-16 06:02:18 	 SUCCESS=> Packet: 2015-07-16 06:01:51

2015-07-16 06:03:03 	 SUCCESS=> Packet: 2015-07-16 06:02:39

2015-07-16 06:03:48 	 SUCCESS=> Packet: 2015-07-16 06:03:24

2015-07-16 06:04:36 	 SUCCESS=> Packet: 2015-07-16 06:04:09

2015-07-16 06:05:23 	 SUCCESS=> Packet: 2015-07-16 06:04:57

2015-07-16 06:06:08 	 SUCCESS=> Packet: 2015-07-16 06:05:43

2015-07-16 06:06:54 	 SUCCESS=> Packet: 2015-07-16 06:06:29

2015-07-16 06:07:39 	 SUCCESS=> Packet: 2015-07-16 06:07:15

2015-07-16 06:08:24 	 SUCCESS=> Packet: 2015-07-16 06:08:00

2015-07-16 06:09:10 	 SUCCESS=> Packet: 2015-07-16 06:08:45

2015-07-16 06:09:56 	 SUCCESS=> Packet: 2015-07-16 06:09:31

2015-07-16 06:10:44 	 SUCCESS=> Packet: 2015-07-16 06:10:17

2015-07-16 06:11:28 	 SUCCESS=> Packet: 2015-07-16 06:11:05

2015-07-16 06:12:14 	 SUCCESS=> Packet: 2015-07-16 06:11:49

2015-07-16 06:13:00 	 SUCCESS=> Packet: 2015-07-16 06:12:35

2015-07-16 06:13:46 	 SUCCESS=> Packet: 2015-07-16 06:13:21

2015-07-16 06:14:30 	 SUCCESS=> Packet: 2015-07-16 06:14:07

2015-07-16 06:15:18 	 SUCCESS=> Packet: 2015-07-16 06:14:51

2015-07-16 06:16:03 	 SUCCESS=> Packet: 2015-07-16 06:15:38

2015-07-16 06:16:48 	 SUCCESS=> Packet: 2015-07-16 06:16:24

2015-07-16 06:17:34 	 SUCCESS=> Packet: 2015-07-16 06:17:09

2015-07-16 06:18:19 	 SUCCESS=> Packet: 2015-07-16 06:17:54

2015-07-16 06:19:07 	 SUCCESS=> Packet: 2015-07-16 06:18:40

2015-07-16 06:19:52 	 SUCCESS=> Packet: 2015-07-16 06:19:28

2015-07-16 06:20:38 	 SUCCESS=> Packet: 2015-07-16 06:20:13

2015-07-16 06:21:24 	 SUCCESS=> Packet: 2015-07-16 06:20:59

2015-07-16 06:22:08 	 SUCCESS=> Packet: 2015-07-16 06:21:45

2015-07-16 06:22:53 	 SUCCESS=> Packet: 2015-07-16 06:22:29

2015-07-16 06:23:39 	 SUCCESS=> Packet: 2015-07-16 06:23:14

2015-07-16 06:24:22 	 SUCCESS=> Packet: 2015-07-16 06:24:00

2015-07-16 06:25:10 	 SUCCESS=> Packet: 2015-07-16 06:24:43

2015-07-16 06:25:54 	 SUCCESS=> Packet: 2015-07-16 06:25:31

2015-07-16 06:26:37 	 SUCCESS=> Packet: 2015-07-16 06:26:15

2015-07-16 06:27:21 	 SUCCESS=> Packet: 2015-07-16 06:26:58

2015-07-16 06:28:07 	 SUCCESS=> Packet: 2015-07-16 06:27:42

2015-07-16 06:28:53 	 SUCCESS=> Packet: 2015-07-16 06:28:28

2015-07-16 06:29:40 	 SUCCESS=> Packet: 2015-07-16 06:29:14

2015-07-16 06:30:24 	 SUCCESS=> Packet: 2015-07-16 06:30:01

2015-07-16 06:31:10 	 SUCCESS=> Packet: 2015-07-16 06:30:45

2015-07-16 06:31:53 	 SUCCESS=> Packet: 2015-07-16 06:31:30

2015-07-16 06:32:39 	 SUCCESS=> Packet: 2015-07-16 06:32:14

2015-07-16 06:33:22 	 SUCCESS=> Packet: 2015-07-16 06:33:00

2015-07-16 06:34:08 	 SUCCESS=> Packet: 2015-07-16 06:33:43

2015-07-16 06:34:54 	 SUCCESS=> Packet: 2015-07-16 06:34:29

2015-07-16 06:35:42 	 SUCCESS=> Packet: 2015-07-16 06:35:15

2015-07-16 06:36:25 	 SUCCESS=> Packet: 2015-07-16 06:36:03

2015-07-16 06:37:09 	 SUCCESS=> Packet: 2015-07-16 06:36:46

2015-07-16 06:37:55 	 SUCCESS=> Packet: 2015-07-16 06:37:30

2015-07-16 06:38:42 	 SUCCESS=> Packet: 2015-07-16 06:38:16

2015-07-16 06:39:28 	 SUCCESS=> Packet: 2015-07-16 06:39:03

2015-07-16 06:40:12 	 SUCCESS=> Packet: 2015-07-16 06:39:49

2015-07-16 06:40:59 	 SUCCESS=> Packet: 2015-07-16 06:40:33

2015-07-16 06:41:43 	 SUCCESS=> Packet: 2015-07-16 06:41:20

2015-07-16 06:42:30 	 SUCCESS=> Packet: 2015-07-16 06:42:04

2015-07-16 06:43:16 	 SUCCESS=> Packet: 2015-07-16 06:42:51

2015-07-16 06:44:02 	 SUCCESS=> Packet: 2015-07-16 06:43:37

2015-07-16 06:44:51 	 SUCCESS=> Packet: 2015-07-16 06:44:23

2015-07-16 06:45:35 	 SUCCESS=> Packet: 2015-07-16 06:45:12

2015-07-16 06:46:19 	 SUCCESS=> Packet: 2015-07-16 06:45:56

2015-07-16 06:47:06 	 SUCCESS=> Packet: 2015-07-16 06:46:39

2015-07-16 06:47:52 	 SUCCESS=> Packet: 2015-07-16 06:47:27

2015-07-16 06:48:39 	 SUCCESS=> Packet: 2015-07-16 06:48:12

2015-07-16 06:49:27 	 SUCCESS=> Packet: 2015-07-16 06:49:00

2015-07-16 06:50:12 	 SUCCESS=> Packet: 2015-07-16 06:49:48

2015-07-16 06:51:00 	 SUCCESS=> Packet: 2015-07-16 06:50:33

2015-07-16 06:51:45 	 SUCCESS=> Packet: 2015-07-16 06:51:21

2015-07-16 06:52:31 	 SUCCESS=> Packet: 2015-07-16 06:52:06

2015-07-16 06:53:15 	 SUCCESS=> Packet: 2015-07-16 06:52:52

2015-07-16 06:54:01 	 SUCCESS=> Packet: 2015-07-16 06:53:36

2015-07-16 06:54:44 	 SUCCESS=> Packet: 2015-07-16 06:54:21

2015-07-16 06:55:30 	 SUCCESS=> Packet: 2015-07-16 06:55:05

2015-07-16 06:56:16 	 SUCCESS=> Packet: 2015-07-16 06:55:51

2015-07-16 06:57:02 	 SUCCESS=> Packet: 2015-07-16 06:56:37

2015-07-16 06:57:45 	 SUCCESS=> Packet: 2015-07-16 06:57:23

2015-07-16 06:58:29 	 SUCCESS=> Packet: 2015-07-16 06:58:06

2015-07-16 06:59:16 	 SUCCESS=> Packet: 2015-07-16 06:58:50

2015-07-16 07:00:01 	 SUCCESS=> Packet: 2015-07-16 06:59:37

2015-07-16 07:00:45 	 SUCCESS=> Packet: 2015-07-16 07:00:22

2015-07-16 07:01:29 	 SUCCESS=> Packet: 2015-07-16 07:01:06

2015-07-16 07:02:15 	 SUCCESS=> Packet: 2015-07-16 07:01:50

2015-07-16 07:02:58 	 SUCCESS=> Packet: 2015-07-16 07:02:35

2015-07-16 07:03:46 	 SUCCESS=> Packet: 2015-07-16 07:03:19

2015-07-16 07:04:32 	 SUCCESS=> Packet: 2015-07-16 07:04:07

2015-07-16 07:05:16 	 SUCCESS=> Packet: 2015-07-16 07:04:53

2015-07-16 07:06:03 	 SUCCESS=> Packet: 2015-07-16 07:05:36

2015-07-16 07:06:47 	 SUCCESS=> Packet: 2015-07-16 07:06:24

2015-07-16 07:07:31 	 SUCCESS=> Packet: 2015-07-16 07:07:08

2015-07-16 07:08:18 	 SUCCESS=> Packet: 2015-07-16 07:07:51

2015-07-16 07:09:02 	 SUCCESS=> Packet: 2015-07-16 07:08:39

2015-07-16 07:09:46 	 SUCCESS=> Packet: 2015-07-16 07:09:23

2015-07-16 07:10:30 	 SUCCESS=> Packet: 2015-07-16 07:10:07

2015-07-16 07:11:16 	 SUCCESS=> Packet: 2015-07-16 07:10:51

2015-07-16 07:12:01 	 SUCCESS=> Packet: 2015-07-16 07:11:37

2015-07-16 07:12:47 	 SUCCESS=> Packet: 2015-07-16 07:12:22

2015-07-16 07:13:31 	 SUCCESS=> Packet: 2015-07-16 07:13:08

2015-07-16 07:14:19 	 SUCCESS=> Packet: 2015-07-16 07:13:52

2015-07-16 07:15:04 	 SUCCESS=> Packet: 2015-07-16 07:14:39

2015-07-16 07:15:50 	 SUCCESS=> Packet: 2015-07-16 07:15:25

2015-07-16 07:16:38 	 SUCCESS=> Packet: 2015-07-16 07:16:11

2015-07-16 07:17:22 	 SUCCESS=> Packet: 2015-07-16 07:16:59

2015-07-16 07:18:06 	 SUCCESS=> Packet: 2015-07-16 07:17:43

2015-07-16 07:18:50 	 SUCCESS=> Packet: 2015-07-16 07:18:27

2015-07-16 07:19:35 	 SUCCESS=> Packet: 2015-07-16 07:19:11

2015-07-16 07:20:19 	 SUCCESS=> Packet: 2015-07-16 07:19:56

2015-07-16 07:21:05 	 SUCCESS=> Packet: 2015-07-16 07:20:40

2015-07-16 07:21:52 	 SUCCESS=> Packet: 2015-07-16 07:21:26

2015-07-16 07:22:36 	 SUCCESS=> Packet: 2015-07-16 07:22:12

2015-07-16 07:23:24 	 SUCCESS=> Packet: 2015-07-16 07:22:57

2015-07-16 07:24:09 	 SUCCESS=> Packet: 2015-07-16 07:23:45

2015-07-16 07:24:55 	 SUCCESS=> Packet: 2015-07-16 07:24:30

2015-07-16 07:25:40 	 SUCCESS=> Packet: 2015-07-16 07:25:16

2015-07-16 07:26:27 	 SUCCESS=> Packet: 2015-07-16 07:26:01

2015-07-16 07:27:12 	 SUCCESS=> Packet: 2015-07-16 07:26:48

2015-07-16 07:27:57 	 SUCCESS=> Packet: 2015-07-16 07:27:33

2015-07-16 07:28:41 	 SUCCESS=> Packet: 2015-07-16 07:28:18

2015-07-16 07:29:26 	 SUCCESS=> Packet: 2015-07-16 07:29:01

2015-07-16 07:30:11 	 SUCCESS=> Packet: 2015-07-16 07:29:47

2015-07-16 07:30:57 	 SUCCESS=> Packet: 2015-07-16 07:30:32

2015-07-16 07:31:42 	 SUCCESS=> Packet: 2015-07-16 07:31:18

2015-07-16 07:32:27 	 SUCCESS=> Packet: 2015-07-16 07:32:03

2015-07-16 07:33:18 	 SUCCESS=> Packet: 2015-07-16 07:32:48

2015-07-16 07:34:02 	 SUCCESS=> Packet: 2015-07-16 07:33:39

2015-07-16 07:34:47 	 SUCCESS=> Packet: 2015-07-16 07:34:23

2015-07-16 07:35:31 	 SUCCESS=> Packet: 2015-07-16 07:35:08

2015-07-16 07:36:16 	 SUCCESS=> Packet: 2015-07-16 07:35:52

2015-07-16 07:37:02 	 SUCCESS=> Packet: 2015-07-16 07:36:37

2015-07-16 07:37:47 	 SUCCESS=> Packet: 2015-07-16 07:37:23

2015-07-16 07:38:39 	 SUCCESS=> Packet: 2015-07-16 07:38:08

2015-07-16 07:39:23 	 SUCCESS=> Packet: 2015-07-16 07:39:00

2015-07-16 07:40:08 	 SUCCESS=> Packet: 2015-07-16 07:39:43

2015-07-16 07:40:54 	 SUCCESS=> Packet: 2015-07-16 07:40:29

2015-07-16 07:41:39 	 SUCCESS=> Packet: 2015-07-16 07:41:15

2015-07-16 07:42:24 	 SUCCESS=> Packet: 2015-07-16 07:42:00

2015-07-16 07:43:10 	 SUCCESS=> Packet: 2015-07-16 07:42:45

2015-07-16 07:43:54 	 SUCCESS=> Packet: 2015-07-16 07:43:31

2015-07-16 07:44:38 	 SUCCESS=> Packet: 2015-07-16 07:44:15

2015-07-16 07:45:24 	 SUCCESS=> Packet: 2015-07-16 07:44:59

2015-07-16 07:46:10 	 SUCCESS=> Packet: 2015-07-16 07:45:45

2015-07-16 07:46:54 	 SUCCESS=> Packet: 2015-07-16 07:46:31

2015-07-16 07:47:46 	 SUCCESS=> Packet: 2015-07-16 07:47:15

2015-07-16 07:48:33 	 SUCCESS=> Packet: 2015-07-16 07:48:07

2015-07-16 07:49:21 	 SUCCESS=> Packet: 2015-07-16 07:48:54

2015-07-16 07:50:05 	 SUCCESS=> Packet: 2015-07-16 07:49:42

2015-07-16 07:50:50 	 SUCCESS=> Packet: 2015-07-16 07:50:26

2015-07-16 07:51:36 	 SUCCESS=> Packet: 2015-07-16 07:51:11

2015-07-16 07:52:21 	 SUCCESS=> Packet: 2015-07-16 07:51:57

2015-07-16 07:53:11 	 SUCCESS=> Packet: 2015-07-16 07:52:42

2015-07-16 07:53:55 	 SUCCESS=> Packet: 2015-07-16 07:53:32

2015-07-16 07:54:44 	 SUCCESS=> Packet: 2015-07-16 07:54:16

2015-07-16 07:55:30 	 SUCCESS=> Packet: 2015-07-16 07:55:05

2015-07-16 07:56:16 	 SUCCESS=> Packet: 2015-07-16 07:55:51

2015-07-16 07:57:01 	 SUCCESS=> Packet: 2015-07-16 07:56:36

2015-07-16 07:57:49 	 SUCCESS=> Packet: 2015-07-16 07:57:22

2015-07-16 07:58:34 	 SUCCESS=> Packet: 2015-07-16 07:58:10

2015-07-16 07:59:28 	 SUCCESS=> Packet: 2015-07-16 07:58:55

2015-07-16 08:00:20 	 SUCCESS=> Packet: 2015-07-16 07:59:49

2015-07-16 08:01:05 	 SUCCESS=> Packet: 2015-07-16 08:00:41

2015-07-16 08:01:51 	 SUCCESS=> Packet: 2015-07-16 08:01:26

2015-07-16 08:02:37 	 SUCCESS=> Packet: 2015-07-16 08:02:12

2015-07-16 08:03:22 	 SUCCESS=> Packet: 2015-07-16 08:02:58

2015-07-16 08:04:06 	 SUCCESS=> Packet: 2015-07-16 08:03:43

2015-07-16 08:04:54 	 SUCCESS=> Packet: 2015-07-16 08:04:27

2015-07-16 08:05:40 	 SUCCESS=> Packet: 2015-07-16 08:05:15

2015-07-16 08:06:28 	 SUCCESS=> Packet: 2015-07-16 08:06:01

2015-07-16 08:07:16 	 SUCCESS=> Packet: 2015-07-16 08:06:49

2015-07-16 08:08:00 	 SUCCESS=> Packet: 2015-07-16 08:07:37

2015-07-16 08:08:47 	 SUCCESS=> Packet: 2015-07-16 08:08:21

2015-07-16 08:09:36 	 SUCCESS=> Packet: 2015-07-16 08:09:08

2015-07-16 08:10:23 	 SUCCESS=> Packet: 2015-07-16 08:09:56

2015-07-16 08:11:09 	 SUCCESS=> Packet: 2015-07-16 08:10:44

2015-07-16 08:11:54 	 SUCCESS=> Packet: 2015-07-16 08:11:30

2015-07-16 08:12:40 	 SUCCESS=> Packet: 2015-07-16 08:12:15

2015-07-16 08:13:28 	 SUCCESS=> Packet: 2015-07-16 08:13:01

2015-07-16 08:14:14 	 SUCCESS=> Packet: 2015-07-16 08:13:49

2015-07-16 08:15:09 	 SUCCESS=> Packet: 2015-07-16 08:14:35

2015-07-16 08:15:54 	 SUCCESS=> Packet: 2015-07-16 08:15:29

2015-07-16 08:16:39 	 SUCCESS=> Packet: 2015-07-16 08:16:15

2015-07-16 08:17:31 	 SUCCESS=> Packet: 2015-07-16 08:17:00

2015-07-16 08:18:17 	 SUCCESS=> Packet: 2015-07-16 08:17:52

2015-07-16 08:19:05 	 SUCCESS=> Packet: 2015-07-16 08:18:38

2015-07-16 08:19:55 	 SUCCESS=> Packet: 2015-07-16 08:19:26

2015-07-16 08:20:41 	 SUCCESS=> Packet: 2015-07-16 08:20:16

2015-07-16 08:21:25 	 SUCCESS=> Packet: 2015-07-16 08:21:01

2015-07-16 08:22:11 	 SUCCESS=> Packet: 2015-07-16 08:21:46

2015-07-16 08:22:56 	 SUCCESS=> Packet: 2015-07-16 08:22:32

2015-07-16 08:23:46 	 FAILED=> Packet: 2015-07-16 08:23:17

2015-07-16 08:24:39 	 SUCCESS=> Packet: 2015-07-16 08:24:14

2015-07-16 08:25:25 	 SUCCESS=> Packet: 2015-07-16 08:25:00

2015-07-16 08:26:10 	 SUCCESS=> Packet: 2015-07-16 08:25:46

2015-07-16 08:26:58 	 SUCCESS=> Packet: 2015-07-16 08:26:31

2015-07-16 08:27:42 	 SUCCESS=> Packet: 2015-07-16 08:27:19

2015-07-16 08:28:26 	 SUCCESS=> Packet: 2015-07-16 08:28:03

2015-07-16 08:29:14 	 SUCCESS=> Packet: 2015-07-16 08:28:47

2015-07-16 08:29:58 	 SUCCESS=> Packet: 2015-07-16 08:29:35

2015-07-16 08:30:47 	 FAILED=> Packet: 2015-07-16 08:30:19

2015-07-16 08:31:32 	 SUCCESS=> Packet: 2015-07-16 08:31:07

2015-07-16 08:32:23 	 SUCCESS=> Packet: 2015-07-16 08:31:53

2015-07-16 08:33:10 	 SUCCESS=> Packet: 2015-07-16 08:32:43

2015-07-16 08:34:03 	 SUCCESS=> Packet: 2015-07-16 08:33:31

2015-07-16 08:34:56 	 SUCCESS=> Packet: 2015-07-16 08:34:24

2015-07-16 08:35:42 	 SUCCESS=> Packet: 2015-07-16 08:35:17

2015-07-16 08:36:26 	 SUCCESS=> Packet: 2015-07-16 08:36:03

2015-07-16 08:37:09 	 SUCCESS=> Packet: 2015-07-16 08:36:47

2015-07-16 08:37:53 	 SUCCESS=> Packet: 2015-07-16 08:37:30

2015-07-16 08:38:41 	 SUCCESS=> Packet: 2015-07-16 08:38:14

2015-07-16 08:39:27 	 SUCCESS=> Packet: 2015-07-16 08:39:02

2015-07-16 08:40:17 	 SUCCESS=> Packet: 2015-07-16 08:39:48

2015-07-16 08:41:02 	 SUCCESS=> Packet: 2015-07-16 08:40:38

2015-07-16 08:41:46 	 SUCCESS=> Packet: 2015-07-16 08:41:23

2015-07-16 08:42:32 	 SUCCESS=> Packet: 2015-07-16 08:42:07

2015-07-16 08:43:17 	 SUCCESS=> Packet: 2015-07-16 08:42:53

2015-07-16 08:44:03 	 SUCCESS=> Packet: 2015-07-16 08:43:38

2015-07-16 08:44:51 	 SUCCESS=> Packet: 2015-07-16 08:44:24

2015-07-16 08:45:37 	 SUCCESS=> Packet: 2015-07-16 08:45:12

2015-07-16 08:46:21 	 SUCCESS=> Packet: 2015-07-16 08:45:58

2015-07-16 08:47:08 	 SUCCESS=> Packet: 2015-07-16 08:46:42

2015-07-16 08:48:00 	 SUCCESS=> Packet: 2015-07-16 08:47:29

2015-07-16 08:48:46 	 SUCCESS=> Packet: 2015-07-16 08:48:21

2015-07-16 08:49:32 	 SUCCESS=> Packet: 2015-07-16 08:49:07

2015-07-16 08:50:21 	 SUCCESS=> Packet: 2015-07-16 08:49:52

2015-07-16 08:51:07 	 SUCCESS=> Packet: 2015-07-16 08:50:42

2015-07-16 08:51:59 	 SUCCESS=> Packet: 2015-07-16 08:51:28

2015-07-16 08:52:43 	 SUCCESS=> Packet: 2015-07-16 08:52:19

2015-07-16 08:53:28 	 SUCCESS=> Packet: 2015-07-16 08:53:04

2015-07-16 08:54:14 	 SUCCESS=> Packet: 2015-07-16 08:53:49

2015-07-16 08:55:00 	 SUCCESS=> Packet: 2015-07-16 08:54:35

2015-07-16 08:55:48 	 SUCCESS=> Packet: 2015-07-16 08:55:21

2015-07-16 08:56:31 	 SUCCESS=> Packet: 2015-07-16 08:56:09

2015-07-16 08:57:17 	 SUCCESS=> Packet: 2015-07-16 08:56:52

2015-07-16 08:58:05 	 SUCCESS=> Packet: 2015-07-16 08:57:38

2015-07-16 08:58:48 	 SUCCESS=> Packet: 2015-07-16 08:58:26

2015-07-16 08:59:34 	 SUCCESS=> Packet: 2015-07-16 08:59:09

2015-07-16 09:00:23 	 SUCCESS=> Packet: 2015-07-16 08:59:55

2015-07-16 09:01:09 	 SUCCESS=> Packet: 2015-07-16 09:00:44

2015-07-16 09:01:53 	 SUCCESS=> Packet: 2015-07-16 09:01:30

2015-07-16 09:02:45 	 SUCCESS=> Packet: 2015-07-16 09:02:14

2015-07-16 09:03:31 	 SUCCESS=> Packet: 2015-07-16 09:03:06

2015-07-16 09:04:17 	 SUCCESS=> Packet: 2015-07-16 09:03:52

2015-07-16 09:05:05 	 SUCCESS=> Packet: 2015-07-16 09:04:38

2015-07-16 09:05:50 	 SUCCESS=> Packet: 2015-07-16 09:05:26

2015-07-16 09:06:36 	 SUCCESS=> Packet: 2015-07-16 09:06:11

2015-07-16 09:07:25 	 SUCCESS=> Packet: 2015-07-16 09:06:57

2015-07-16 09:08:11 	 SUCCESS=> Packet: 2015-07-16 09:07:46

2015-07-16 09:08:55 	 SUCCESS=> Packet: 2015-07-16 09:08:32

2015-07-16 09:09:42 	 SUCCESS=> Packet: 2015-07-16 09:09:16

2015-07-16 09:10:28 	 SUCCESS=> Packet: 2015-07-16 09:10:03

2015-07-16 09:11:14 	 SUCCESS=> Packet: 2015-07-16 09:10:49

2015-07-16 09:11:59 	 SUCCESS=> Packet: 2015-07-16 09:11:34

2015-07-16 09:12:45 	 SUCCESS=> Packet: 2015-07-16 09:12:20

2015-07-16 09:13:31 	 SUCCESS=> Packet: 2015-07-16 09:13:06

2015-07-16 09:14:25 	 SUCCESS=> Packet: 2015-07-16 09:13:52

2015-07-16 09:15:09 	 SUCCESS=> Packet: 2015-07-16 09:14:46

2015-07-16 09:15:56 	 SUCCESS=> Packet: 2015-07-16 09:15:30

2015-07-16 09:16:40 	 SUCCESS=> Packet: 2015-07-16 09:16:17

2015-07-16 09:17:26 	 SUCCESS=> Packet: 2015-07-16 09:17:01

2015-07-16 09:18:10 	 SUCCESS=> Packet: 2015-07-16 09:17:47

2015-07-16 09:18:57 	 SUCCESS=> Packet: 2015-07-16 09:18:31

2015-07-16 09:19:42 	 SUCCESS=> Packet: 2015-07-16 09:19:17

2015-07-16 09:20:32 	 SUCCESS=> Packet: 2015-07-16 09:20:03

2015-07-16 09:21:16 	 SUCCESS=> Packet: 2015-07-16 09:20:53

2015-07-16 09:22:03 	 SUCCESS=> Packet: 2015-07-16 09:21:37

2015-07-16 09:22:47 	 SUCCESS=> Packet: 2015-07-16 09:22:24

2015-07-16 09:23:32 	 SUCCESS=> Packet: 2015-07-16 09:23:08

2015-07-16 09:24:19 	 SUCCESS=> Packet: 2015-07-16 09:23:53

2015-07-16 09:25:03 	 SUCCESS=> Packet: 2015-07-16 09:24:40

2015-07-16 09:25:49 	 SUCCESS=> Packet: 2015-07-16 09:25:24

2015-07-16 09:26:34 	 SUCCESS=> Packet: 2015-07-16 09:26:10

2015-07-16 09:27:20 	 SUCCESS=> Packet: 2015-07-16 09:26:55

2015-07-16 09:28:06 	 SUCCESS=> Packet: 2015-07-16 09:27:41

2015-07-16 09:28:52 	 SUCCESS=> Packet: 2015-07-16 09:28:27

2015-07-16 09:29:35 	 SUCCESS=> Packet: 2015-07-16 09:29:13

2015-07-16 09:30:25 	 SUCCESS=> Packet: 2015-07-16 09:29:56

2015-07-16 09:31:12 	 SUCCESS=> Packet: 2015-07-16 09:30:46

2015-07-16 09:31:56 	 SUCCESS=> Packet: 2015-07-16 09:31:33

